This is TeX, Version 3.14159 (Web2C 7.3.1) (format=latex 2003.2.18)  14 JUL 2005 17:12
**README.2.02.tex
(README.2.02.tex
LaTeX2e <2001/06/01>
Babel <v3.7h> and hyphenation patterns for american, french, german, ngerman, i
talian, nohyphenation, loaded.
(/usr/share/texmf/tex/latex/base/article.cls
Document Class: article 2001/04/21 v1.4e Standard LaTeX document class
(/usr/share/texmf/tex/latex/base/size11.clo
File: size11.clo 2001/04/21 v1.4e Standard LaTeX file (size option)
)
\c@part=\count79
\c@section=\count80
\c@subsection=\count81
\c@subsubsection=\count82
\c@paragraph=\count83
\c@subparagraph=\count84
\c@figure=\count85
\c@table=\count86
\abovecaptionskip=\skip41
\belowcaptionskip=\skip42
\bibindent=\dimen102
) (README.2.02.aux)
\openout1 = `README.2.02.aux'.

LaTeX Font Info:    Checking defaults for OML/cmm/m/it on input line 10.
LaTeX Font Info:    ... okay on input line 10.
LaTeX Font Info:    Checking defaults for T1/cmr/m/n on input line 10.
LaTeX Font Info:    ... okay on input line 10.
LaTeX Font Info:    Checking defaults for OT1/cmr/m/n on input line 10.
LaTeX Font Info:    ... okay on input line 10.
LaTeX Font Info:    Checking defaults for OMS/cmsy/m/n on input line 10.
LaTeX Font Info:    ... okay on input line 10.
LaTeX Font Info:    Checking defaults for OMX/cmex/m/n on input line 10.
LaTeX Font Info:    ... okay on input line 10.
LaTeX Font Info:    Checking defaults for U/cmr/m/n on input line 10.
LaTeX Font Info:    ... okay on input line 10.
 [1

]
Underfull \hbox (badness 10000) in paragraph at lines 47--89

 []


Underfull \hbox (badness 10000) in paragraph at lines 47--89

 []


Underfull \hbox (badness 10000) in paragraph at lines 47--89

 []


Underfull \hbox (badness 10000) in paragraph at lines 47--89

 []


Underfull \hbox (badness 10000) in paragraph at lines 47--89

 []


Underfull \hbox (badness 10000) in paragraph at lines 47--89

 []


Underfull \hbox (badness 10000) in paragraph at lines 47--89

 []

[2]
Underfull \hbox (badness 10000) in paragraph at lines 92--94

 []


Underfull \hbox (badness 10000) in paragraph at lines 92--94

 []


Underfull \hbox (badness 10000) in paragraph at lines 94--98

 []


Underfull \hbox (badness 10000) in paragraph at lines 98--102

 []

LaTeX Font Info:    External font `cmex10' loaded for size
(Font)              <10.95> on input line 122.
LaTeX Font Info:    External font `cmex10' loaded for size
(Font)              <8> on input line 122.
LaTeX Font Info:    External font `cmex10' loaded for size
(Font)              <6> on input line 122.

Underfull \hbox (badness 10000) in paragraph at lines 103--138

 []


Underfull \hbox (badness 10000) in paragraph at lines 103--138

 []


Underfull \hbox (badness 10000) in paragraph at lines 103--138

 []


Underfull \hbox (badness 10000) in paragraph at lines 103--138

 []


Underfull \hbox (badness 10000) in paragraph at lines 103--138

 []


Underfull \hbox (badness 10000) in paragraph at lines 103--138

 []


Underfull \hbox (badness 10000) in paragraph at lines 139--142

 []


Underfull \hbox (badness 10000) in paragraph at lines 143--148

 []

[3]
Underfull \hbox (badness 10000) in paragraph at lines 149--155

 []


Underfull \hbox (badness 10000) in paragraph at lines 149--155

 []


Underfull \hbox (badness 10000) in paragraph at lines 156--159

 []


Underfull \hbox (badness 10000) in paragraph at lines 156--159

 []


Underfull \hbox (badness 10000) in paragraph at lines 160--167

 []


Underfull \hbox (badness 10000) in paragraph at lines 160--167

 []


Underfull \hbox (badness 10000) in paragraph at lines 168--171

 []


Underfull \hbox (badness 10000) in paragraph at lines 172--190

 []


Underfull \hbox (badness 10000) in paragraph at lines 172--190

 []


Underfull \hbox (badness 10000) in paragraph at lines 172--190

 []

[4]
Underfull \hbox (badness 10000) in paragraph at lines 193--194

 []


Underfull \hbox (badness 10000) in paragraph at lines 195--196

 []


Underfull \hbox (badness 10000) in paragraph at lines 197--212

 []


Underfull \hbox (badness 10000) in paragraph at lines 214--219

 []


Underfull \hbox (badness 10000) in paragraph at lines 220--225

 []


Underfull \hbox (badness 10000) in paragraph at lines 226--240

 []


Underfull \hbox (badness 10000) in paragraph at lines 226--240

 []


Underfull \hbox (badness 10000) in paragraph at lines 241--243

 []


Underfull \hbox (badness 10000) in paragraph at lines 244--246

 []


Underfull \hbox (badness 10000) in paragraph at lines 250--275

 []

[5]
Underfull \hbox (badness 10000) in paragraph at lines 276--300

 []


Underfull \hbox (badness 10000) in paragraph at lines 301--309

 []


Underfull \hbox (badness 10000) in paragraph at lines 310--317

 []

[6]
Underfull \hbox (badness 10000) in paragraph at lines 318--328

 []


Underfull \hbox (badness 10000) in paragraph at lines 330--341

 []

[7]
Underfull \hbox (badness 10000) in paragraph at lines 344--345

 []


Underfull \hbox (badness 10000) in paragraph at lines 346--349

 []


Underfull \hbox (badness 10000) in paragraph at lines 350--363

 []


Underfull \hbox (badness 10000) in paragraph at lines 385--400

 []


Underfull \hbox (badness 10000) in paragraph at lines 401--413

 []

[8]
Underfull \hbox (badness 10000) in paragraph at lines 414--419

 []


Underfull \hbox (badness 10000) in paragraph at lines 420--438

 []


Underfull \hbox (badness 10000) in paragraph at lines 439--450

 []


Underfull \hbox (badness 10000) in paragraph at lines 451--455

 []


Underfull \hbox (badness 10000) in paragraph at lines 456--460

 []


Underfull \hbox (badness 10000) in paragraph at lines 462--465

 []

[9]
Underfull \hbox (badness 10000) in paragraph at lines 466--471

 []


Underfull \hbox (badness 10000) in paragraph at lines 472--480

 []


Underfull \hbox (badness 10000) in paragraph at lines 481--487

 []


Underfull \hbox (badness 10000) in paragraph at lines 488--494

 []


Underfull \hbox (badness 10000) in paragraph at lines 495--500

 []


Underfull \hbox (badness 10000) in paragraph at lines 501--507

 []


Underfull \hbox (badness 10000) in paragraph at lines 508--522

 []

[10]
Underfull \hbox (badness 10000) in paragraph at lines 523--537

 []


Underfull \hbox (badness 10000) in paragraph at lines 538--548

 []


Underfull \hbox (badness 10000) in paragraph at lines 549--555

 []


Underfull \hbox (badness 10000) in paragraph at lines 556--557

 []


Underfull \hbox (badness 10000) in paragraph at lines 558--560

 []


Underfull \hbox (badness 10000) in paragraph at lines 561--575

 []

[11]
Underfull \hbox (badness 10000) in paragraph at lines 576--594

 []


Underfull \hbox (badness 10000) in paragraph at lines 595--597

 []


Underfull \hbox (badness 10000) in paragraph at lines 598--600

 []


Underfull \hbox (badness 10000) in paragraph at lines 601--604

 []


Underfull \hbox (badness 10000) in paragraph at lines 605--607

 []


Underfull \hbox (badness 10000) in paragraph at lines 608--610

 []


Underfull \hbox (badness 10000) in paragraph at lines 611--613

 []

[12]
Underfull \hbox (badness 10000) in paragraph at lines 614--616

 []


Underfull \hbox (badness 10000) in paragraph at lines 617--619

 []


Underfull \hbox (badness 10000) in paragraph at lines 620--625

 []


Underfull \hbox (badness 10000) in paragraph at lines 626--636

 []


Underfull \hbox (badness 10000) in paragraph at lines 637--639

 []


Underfull \hbox (badness 10000) in paragraph at lines 643--645

 []


Underfull \hbox (badness 10000) in paragraph at lines 646--648

 []

[13]
Underfull \hbox (badness 10000) in paragraph at lines 649--653

 []


Underfull \hbox (badness 10000) in paragraph at lines 654--658

 []


Underfull \hbox (badness 10000) in paragraph at lines 659--666

 []


Underfull \hbox (badness 10000) in paragraph at lines 667--674

 []


Underfull \hbox (badness 10000) in paragraph at lines 675--677

 []


Underfull \hbox (badness 10000) in paragraph at lines 679--681

 []


Underfull \hbox (badness 10000) in paragraph at lines 682--684

 []


Underfull \hbox (badness 10000) in paragraph at lines 686--688

 []


Underfull \hbox (badness 10000) in paragraph at lines 689--692

 []

[14] [15]
Underfull \hbox (badness 10000) in paragraph at lines 695--696

 []


Underfull \hbox (badness 10000) in paragraph at lines 697--698

 []


Underfull \hbox (badness 10000) in paragraph at lines 699--708

 []


Underfull \hbox (badness 10000) in paragraph at lines 709--711

 []


Underfull \hbox (badness 10000) in paragraph at lines 743--759

 []

[16]
Underfull \hbox (badness 10000) in paragraph at lines 760--761

 []


Underfull \hbox (badness 10000) in paragraph at lines 762--784

 []


Underfull \hbox (badness 10000) in paragraph at lines 785--786

 []


Underfull \hbox (badness 10000) in paragraph at lines 787--792

 []


Underfull \hbox (badness 10000) in paragraph at lines 794--803

 []


Underfull \hbox (badness 10000) in paragraph at lines 806--820

 []

[17]
Underfull \hbox (badness 10000) in paragraph at lines 823--828

 []


Underfull \hbox (badness 10000) in paragraph at lines 831--838

 []


Underfull \hbox (badness 10000) in paragraph at lines 840--845

 []


Underfull \hbox (badness 10000) in paragraph at lines 847--854

 []


Underfull \hbox (badness 10000) in paragraph at lines 856--907

 []

[18]
Underfull \hbox (badness 10000) in paragraph at lines 909--915

 []


Underfull \hbox (badness 10000) in paragraph at lines 917--920

 []


Underfull \hbox (badness 10000) in paragraph at lines 917--920

 []


Underfull \hbox (badness 10000) in paragraph at lines 921--942

 []

[19]
Underfull \hbox (badness 10000) in paragraph at lines 943--944

 []


Underfull \hbox (badness 10000) in paragraph at lines 945--1010

 []


Underfull \hbox (badness 10000) in paragraph at lines 945--1010

 []


Underfull \hbox (badness 10000) in paragraph at lines 945--1010

 []


Underfull \hbox (badness 10000) in paragraph at lines 945--1010

 []


Underfull \hbox (badness 10000) in paragraph at lines 945--1010

 []


Underfull \hbox (badness 10000) in paragraph at lines 945--1010

 []

[20]
Underfull \hbox (badness 10000) in paragraph at lines 1011--1049

 []


Underfull \hbox (badness 10000) in paragraph at lines 1011--1049

 []


Underfull \hbox (badness 10000) in paragraph at lines 1011--1049

 []

[21]
Underfull \hbox (badness 10000) in paragraph at lines 1050--1051

 []


Underfull \hbox (badness 10000) in paragraph at lines 1052--1094

 []


Underfull \hbox (badness 10000) in paragraph at lines 1052--1094

 []


Underfull \hbox (badness 10000) in paragraph at lines 1052--1094

 []


Underfull \hbox (badness 10000) in paragraph at lines 1095--1102

 []

[22]
Underfull \hbox (badness 10000) in paragraph at lines 1103--1114

 []


Underfull \hbox (badness 10000) in paragraph at lines 1116--1117

 []


Underfull \hbox (badness 10000) in paragraph at lines 1118--1119

 []


Underfull \hbox (badness 10000) in paragraph at lines 1120--1130

 []

[23]
Underfull \hbox (badness 10000) in paragraph at lines 1135--1136

 []


Underfull \hbox (badness 10000) in paragraph at lines 1137--1147

 []


Underfull \hbox (badness 10000) in paragraph at lines 1148--1150

 []


Underfull \hbox (badness 10000) in paragraph at lines 1151--1158

 []

[24] (README.2.02.aux) ) 
Here is how much of TeX's memory you used:
 228 strings out of 20880
 2332 string characters out of 196184
 51499 words of memory out of 350001
 3240 multiletter control sequences out of 10000+15000
 9146 words of font info for 32 fonts, out of 400000 for 1000
 14 hyphenation exceptions out of 10000
 21i,4n,19p,1197b,162s stack positions out of 3000i,100n,1500p,50000b,4000s

Output written on README.2.02.dvi (24 pages, 76044 bytes).
