This is TeX, Version 3.14159 (Web2C 7.3.1) (format=latex 2003.2.18)  13 MAY 2005 18:49
**README.2.01.tex
(README.2.01.tex
LaTeX2e <2001/06/01>
Babel <v3.7h> and hyphenation patterns for american, french, german, ngerman, i
talian, nohyphenation, loaded.
(/usr/share/texmf/tex/latex/base/article.cls
Document Class: article 2001/04/21 v1.4e Standard LaTeX document class
(/usr/share/texmf/tex/latex/base/size11.clo
File: size11.clo 2001/04/21 v1.4e Standard LaTeX file (size option)
)
\c@part=\count79
\c@section=\count80
\c@subsection=\count81
\c@subsubsection=\count82
\c@paragraph=\count83
\c@subparagraph=\count84
\c@figure=\count85
\c@table=\count86
\abovecaptionskip=\skip41
\belowcaptionskip=\skip42
\bibindent=\dimen102
) (README.2.01.aux)
\openout1 = `README.2.01.aux'.

LaTeX Font Info:    Checking defaults for OML/cmm/m/it on input line 10.
LaTeX Font Info:    ... okay on input line 10.
LaTeX Font Info:    Checking defaults for T1/cmr/m/n on input line 10.
LaTeX Font Info:    ... okay on input line 10.
LaTeX Font Info:    Checking defaults for OT1/cmr/m/n on input line 10.
LaTeX Font Info:    ... okay on input line 10.
LaTeX Font Info:    Checking defaults for OMS/cmsy/m/n on input line 10.
LaTeX Font Info:    ... okay on input line 10.
LaTeX Font Info:    Checking defaults for OMX/cmex/m/n on input line 10.
LaTeX Font Info:    ... okay on input line 10.
LaTeX Font Info:    Checking defaults for U/cmr/m/n on input line 10.
LaTeX Font Info:    ... okay on input line 10.
 [1

]
Underfull \hbox (badness 10000) in paragraph at lines 47--88

 []


Underfull \hbox (badness 10000) in paragraph at lines 47--88

 []


Underfull \hbox (badness 10000) in paragraph at lines 47--88

 []


Underfull \hbox (badness 10000) in paragraph at lines 47--88

 []


Underfull \hbox (badness 10000) in paragraph at lines 47--88

 []


Underfull \hbox (badness 10000) in paragraph at lines 47--88

 []


Underfull \hbox (badness 10000) in paragraph at lines 47--88

 []

[2]
Underfull \hbox (badness 10000) in paragraph at lines 91--97

 []


Underfull \hbox (badness 10000) in paragraph at lines 91--97

 []

LaTeX Font Info:    External font `cmex10' loaded for size
(Font)              <10.95> on input line 117.
LaTeX Font Info:    External font `cmex10' loaded for size
(Font)              <8> on input line 117.
LaTeX Font Info:    External font `cmex10' loaded for size
(Font)              <6> on input line 117.

Underfull \hbox (badness 10000) in paragraph at lines 98--133

 []


Underfull \hbox (badness 10000) in paragraph at lines 98--133

 []


Underfull \hbox (badness 10000) in paragraph at lines 98--133

 []


Underfull \hbox (badness 10000) in paragraph at lines 98--133

 []


Underfull \hbox (badness 10000) in paragraph at lines 98--133

 []


Underfull \hbox (badness 10000) in paragraph at lines 98--133

 []


Underfull \hbox (badness 10000) in paragraph at lines 134--137

 []


Underfull \hbox (badness 10000) in paragraph at lines 138--143

 []


Underfull \hbox (badness 10000) in paragraph at lines 144--150

 []


Underfull \hbox (badness 10000) in paragraph at lines 144--150

 []

[3]
Underfull \hbox (badness 10000) in paragraph at lines 151--154

 []


Underfull \hbox (badness 10000) in paragraph at lines 151--154

 []


Underfull \hbox (badness 10000) in paragraph at lines 155--162

 []


Underfull \hbox (badness 10000) in paragraph at lines 155--162

 []


Underfull \hbox (badness 10000) in paragraph at lines 163--166

 []


Underfull \hbox (badness 10000) in paragraph at lines 167--185

 []


Underfull \hbox (badness 10000) in paragraph at lines 167--185

 []


Underfull \hbox (badness 10000) in paragraph at lines 167--185

 []

[4]
Underfull \hbox (badness 10000) in paragraph at lines 188--189

 []


Underfull \hbox (badness 10000) in paragraph at lines 190--191

 []


Underfull \hbox (badness 10000) in paragraph at lines 192--207

 []


Underfull \hbox (badness 10000) in paragraph at lines 209--214

 []


Underfull \hbox (badness 10000) in paragraph at lines 215--220

 []


Underfull \hbox (badness 10000) in paragraph at lines 221--235

 []


Underfull \hbox (badness 10000) in paragraph at lines 221--235

 []


Underfull \hbox (badness 10000) in paragraph at lines 236--238

 []


Underfull \hbox (badness 10000) in paragraph at lines 239--241

 []


Underfull \hbox (badness 10000) in paragraph at lines 245--270

 []

[5]
Underfull \hbox (badness 10000) in paragraph at lines 271--295

 []


Underfull \hbox (badness 10000) in paragraph at lines 296--304

 []


Underfull \hbox (badness 10000) in paragraph at lines 305--312

 []

[6]
Underfull \hbox (badness 10000) in paragraph at lines 313--323

 []


Underfull \hbox (badness 10000) in paragraph at lines 325--336

 []

[7]
Underfull \hbox (badness 10000) in paragraph at lines 339--340

 []


Underfull \hbox (badness 10000) in paragraph at lines 341--344

 []


Underfull \hbox (badness 10000) in paragraph at lines 345--358

 []


Underfull \hbox (badness 10000) in paragraph at lines 380--395

 []


Underfull \hbox (badness 10000) in paragraph at lines 396--408

 []

[8]
Underfull \hbox (badness 10000) in paragraph at lines 409--414

 []


Underfull \hbox (badness 10000) in paragraph at lines 415--433

 []


Underfull \hbox (badness 10000) in paragraph at lines 434--445

 []


Underfull \hbox (badness 10000) in paragraph at lines 446--450

 []


Underfull \hbox (badness 10000) in paragraph at lines 451--455

 []


Underfull \hbox (badness 10000) in paragraph at lines 457--460

 []

[9]
Underfull \hbox (badness 10000) in paragraph at lines 461--466

 []


Underfull \hbox (badness 10000) in paragraph at lines 467--475

 []


Underfull \hbox (badness 10000) in paragraph at lines 476--482

 []


Underfull \hbox (badness 10000) in paragraph at lines 483--489

 []


Underfull \hbox (badness 10000) in paragraph at lines 490--495

 []


Underfull \hbox (badness 10000) in paragraph at lines 496--502

 []


Underfull \hbox (badness 10000) in paragraph at lines 503--517

 []

[10]
Underfull \hbox (badness 10000) in paragraph at lines 518--532

 []


Underfull \hbox (badness 10000) in paragraph at lines 533--543

 []


Underfull \hbox (badness 10000) in paragraph at lines 544--550

 []


Underfull \hbox (badness 10000) in paragraph at lines 551--552

 []


Underfull \hbox (badness 10000) in paragraph at lines 553--555

 []


Underfull \hbox (badness 10000) in paragraph at lines 556--570

 []

[11]
Underfull \hbox (badness 10000) in paragraph at lines 571--589

 []


Underfull \hbox (badness 10000) in paragraph at lines 590--592

 []


Underfull \hbox (badness 10000) in paragraph at lines 593--596

 []


Underfull \hbox (badness 10000) in paragraph at lines 597--599

 []


Underfull \hbox (badness 10000) in paragraph at lines 600--602

 []


Underfull \hbox (badness 10000) in paragraph at lines 603--605

 []


Underfull \hbox (badness 10000) in paragraph at lines 606--608

 []

[12]
Underfull \hbox (badness 10000) in paragraph at lines 609--611

 []


Underfull \hbox (badness 10000) in paragraph at lines 612--617

 []


Underfull \hbox (badness 10000) in paragraph at lines 618--628

 []


Underfull \hbox (badness 10000) in paragraph at lines 629--631

 []


Underfull \hbox (badness 10000) in paragraph at lines 632--634

 []


Underfull \hbox (badness 10000) in paragraph at lines 635--639

 []


Underfull \hbox (badness 10000) in paragraph at lines 640--644

 []


Underfull \hbox (badness 10000) in paragraph at lines 645--652

 []


Underfull \hbox (badness 10000) in paragraph at lines 653--660

 []

[13]
Underfull \hbox (badness 10000) in paragraph at lines 661--663

 []


Underfull \hbox (badness 10000) in paragraph at lines 665--667

 []


Underfull \hbox (badness 10000) in paragraph at lines 668--670

 []


Underfull \hbox (badness 10000) in paragraph at lines 671--674

 []

[14]
Underfull \hbox (badness 10000) in paragraph at lines 677--678

 []


Underfull \hbox (badness 10000) in paragraph at lines 679--680

 []


Underfull \hbox (badness 10000) in paragraph at lines 681--690

 []


Underfull \hbox (badness 10000) in paragraph at lines 691--693

 []


Underfull \hbox (badness 10000) in paragraph at lines 725--741

 []

[15]
Underfull \hbox (badness 10000) in paragraph at lines 742--743

 []


Underfull \hbox (badness 10000) in paragraph at lines 744--766

 []


Underfull \hbox (badness 10000) in paragraph at lines 767--768

 []


Underfull \hbox (badness 10000) in paragraph at lines 769--774

 []


Underfull \hbox (badness 10000) in paragraph at lines 776--785

 []


Underfull \hbox (badness 10000) in paragraph at lines 788--802

 []

[16]
Underfull \hbox (badness 10000) in paragraph at lines 805--810

 []


Underfull \hbox (badness 10000) in paragraph at lines 813--820

 []


Underfull \hbox (badness 10000) in paragraph at lines 822--827

 []


Underfull \hbox (badness 10000) in paragraph at lines 829--836

 []


Underfull \hbox (badness 10000) in paragraph at lines 838--889

 []

[17]
Underfull \hbox (badness 10000) in paragraph at lines 891--897

 []


Underfull \hbox (badness 10000) in paragraph at lines 899--902

 []


Underfull \hbox (badness 10000) in paragraph at lines 899--902

 []


Underfull \hbox (badness 10000) in paragraph at lines 903--924

 []

[18]
Underfull \hbox (badness 10000) in paragraph at lines 925--926

 []


Underfull \hbox (badness 10000) in paragraph at lines 927--992

 []


Underfull \hbox (badness 10000) in paragraph at lines 927--992

 []


Underfull \hbox (badness 10000) in paragraph at lines 927--992

 []


Underfull \hbox (badness 10000) in paragraph at lines 927--992

 []


Underfull \hbox (badness 10000) in paragraph at lines 927--992

 []


Underfull \hbox (badness 10000) in paragraph at lines 927--992

 []

[19]
Underfull \hbox (badness 10000) in paragraph at lines 993--1031

 []


Underfull \hbox (badness 10000) in paragraph at lines 993--1031

 []


Underfull \hbox (badness 10000) in paragraph at lines 993--1031

 []

[20]
Underfull \hbox (badness 10000) in paragraph at lines 1032--1033

 []


Underfull \hbox (badness 10000) in paragraph at lines 1034--1076

 []


Underfull \hbox (badness 10000) in paragraph at lines 1034--1076

 []


Underfull \hbox (badness 10000) in paragraph at lines 1034--1076

 []


Underfull \hbox (badness 10000) in paragraph at lines 1077--1084

 []

[21]
Underfull \hbox (badness 10000) in paragraph at lines 1085--1096

 []

[22]
Underfull \hbox (badness 10000) in paragraph at lines 1099--1100

 []


Underfull \hbox (badness 10000) in paragraph at lines 1101--1111

 []


Underfull \hbox (badness 10000) in paragraph at lines 1112--1114

 []


Underfull \hbox (badness 10000) in paragraph at lines 1115--1122

 []

[23] (README.2.01.aux) ) 
Here is how much of TeX's memory you used:
 226 strings out of 20880
 2308 string characters out of 196184
 51499 words of memory out of 350001
 3239 multiletter control sequences out of 10000+15000
 8800 words of font info for 31 fonts, out of 400000 for 1000
 14 hyphenation exceptions out of 10000
 21i,4n,19p,646b,162s stack positions out of 3000i,100n,1500p,50000b,4000s

Output written on README.2.01.dvi (23 pages, 70764 bytes).
