           1
  0.0000000E+00  convWriteGrid
 T  0.2000000       2.000000        10000000  lgAutoPackets
 T  lgSymmetricXYZ
 F  lgTalk
 F  lg1D
         600  nbins
  7.5000003E-02  nuStepSize
   15.00000      nuMax
  1.0010000E-05  nuMin
  0.0000000E+00  R_in
  5.0000001E-02  XHIlimit
          20   95.00000      maxIterateMC
 F  lgDebug
 F  lgPlaneIonization
           1  nAbComponents
 "input/solar1.0.in                                 "
 T  lgOutput
  0.0000000E+00  0.0000000E+00  dxSlit,dySlit
 F F  lgDust, lgDustConstant
 "none" dustFile
 "none" dustFile
 T  lgGas
 F  lgRecombination
           0           0 nSpecies, nSizes
   101.0000     resLinesTransfer
 T lgDustScattering
           0  nAngleBins
  -1.000000      -1.000000      continuumCube
 T  lgPhotoelectric
 F  lgTraceHeating
  0.0000000E+00  Ldiffuse
  0.0000000E+00  Tdiffuse
 none                                               shapeDiffuse
           0 nPhotonsDiffuse
