 Spectral energy distribution at the surface of the nebula: 
   viewPoints =   0.2180000      -1.000000      ,    1.350000      -1.000000    
  , 
    nu [Ryd]        lambda [um]        nu*F(nu)          
                                   [erg/sec/cm^2/str]    
  2.5312993E-06   36000.00      0.0000000E+00  0.0000000E+00  0.0000000E+00
  3.7969489E-06   24000.00      0.0000000E+00  0.0000000E+00  0.0000000E+00
  5.6954236E-06   16000.00      0.0000000E+00  0.0000000E+00  0.0000000E+00
  7.0097522E-06   13000.00      0.0000000E+00  0.0000000E+00  0.0000000E+00
  8.2842525E-06   11000.00      0.0000000E+00  0.0000000E+00  0.0000000E+00
  1.2314429E-05   7400.000      0.0000000E+00  0.0000000E+00  0.0000000E+00
  1.8225355E-05   5000.000      0.0000000E+00  0.0000000E+00  0.0000000E+00
  2.7202022E-05   3350.000      0.0000000E+00  0.0000000E+00  0.0000000E+00
  4.0500789E-05   2250.000      0.0000000E+00  0.0000000E+00  0.0000000E+00
  6.0751183E-05   1500.000      0.0000000E+00  0.0000000E+00  0.0000000E+00
  9.1126778E-05   999.9999      0.0000000E+00  0.0000000E+00  0.0000000E+00
  1.3018111E-04   699.9999      3.8893488E-10  0.0000000E+00  0.0000000E+00
  1.8225356E-04   500.0000      3.1114791E-10  0.0000000E+00  0.0000000E+00
  2.2781694E-04   400.0000      1.4001655E-09  0.0000000E+00  0.0000000E+00
  3.0375592E-04   300.0000      6.6118928E-09  0.0000000E+00  7.0008269E-08
  3.6450711E-04   250.0000      1.1201330E-08  0.0000000E+00  0.0000000E+00
  4.5563388E-04   200.0000      2.2869383E-08  0.0000000E+00  0.0000000E+00
  6.0751184E-04   150.0000      6.0985030E-08  0.0000000E+00  3.9204645E-07
  6.5090554E-04   140.0000      8.3932200E-08  0.0000000E+00  3.6404310E-07
  7.0097519E-04   130.0000      1.0174534E-07  0.0000000E+00  1.6801972E-07
  7.5938983E-04   120.0000      1.2407031E-07  1.5401832E-07  1.5401832E-07
  8.2842523E-04   110.0000      1.6988676E-07  2.9403458E-07  5.8806916E-07
  8.6787407E-04   105.0000      1.9291184E-07  0.0000000E+00  0.0000000E+00
  9.1126777E-04   100.0000      2.0691327E-07  0.0000000E+00  2.6603135E-07
  9.5922925E-04   94.99999      2.1842597E-07  0.0000000E+00  2.5203011E-07
  1.0125197E-03   90.00000      2.3009331E-07  0.0000000E+00  2.3802785E-07
  1.0720798E-03   84.99999      2.4020599E-07  0.0000000E+00  2.2402666E-07
  1.1390847E-03   80.00000      2.9170064E-07  0.0000000E+00  1.0501240E-06
  1.2150237E-03   75.00000      3.2452704E-07  1.9602322E-07  1.9602322E-07
  1.3018111E-03   70.00000      3.3168351E-07  1.8202155E-07  1.0921293E-06
  1.4019504E-03   65.00000      3.9204622E-07  0.0000000E+00  3.3603945E-07
  1.5187797E-03   60.00000      3.5766493E-07  3.0803665E-07  3.0803665E-07
  1.6568505E-03   55.00000      4.0138079E-07  0.0000000E+00  5.6006610E-07
  1.8225355E-03   50.00000      4.4525174E-07  0.0000000E+00  1.1341345E-06
  2.0250394E-03   45.00000      4.1071402E-07  0.0000000E+00  5.6006610E-07
  2.2781694E-03   40.00000      3.9313400E-07  4.9005791E-07  4.9005791E-07
  2.6036222E-03   35.00000      3.7617596E-07  1.6801981E-07  5.0405941E-07
  3.0375593E-03   30.00000      4.4867613E-07  0.0000000E+00  1.3721632E-06
  3.2545277E-03   28.00000      4.0534727E-07  3.7804475E-07  7.5608949E-07
  3.3750657E-03   27.00000      3.6201979E-07  0.0000000E+00  1.0921285E-06
  3.5048760E-03   26.00000      3.0142431E-07  3.5004146E-07  3.5004146E-07
  3.6450711E-03   25.00000      4.0324667E-07  0.0000000E+00  2.0162381E-06
  3.7969491E-03   24.00000      3.8465561E-07  6.4407578E-07  2.5763031E-06
  3.9620339E-03   23.00000      4.3296220E-07  0.0000000E+00  6.1607381E-07
  4.1421261E-03   22.00000      4.3482868E-07  4.2004962E-07  5.6006610E-07
  4.5563388E-03   20.00000      3.7096549E-07  0.0000000E+00  0.0000000E+00
  4.7961459E-03   19.00000      4.0884754E-07  2.5202959E-07  7.5608881E-07
  5.0625987E-03   18.00000      3.9142401E-07  0.0000000E+00  9.5211328E-07
  5.3603984E-03   17.00000      3.4599577E-07  2.2402634E-07  2.2402634E-07
  5.6954236E-03   16.00000      3.3020515E-07  0.0000000E+00  8.4009895E-07
  6.0751187E-03   15.00000      2.2783844E-07  0.0000000E+00  0.0000000E+00
  6.2846052E-03   14.50000      2.2651579E-07  0.0000000E+00  3.9204645E-07
  6.5090554E-03   14.00000      2.5413019E-07  0.0000000E+00  7.5608949E-07
  6.7501315E-03   13.50000      2.3056054E-07  3.6404282E-07  7.2808564E-07
  7.0097521E-03   13.00000      2.2363768E-07  7.0008292E-07  1.0501244E-06
  7.2901421E-03   12.50000      3.2670468E-07  0.0000000E+00  3.3603968E-07
  7.5938981E-03   12.00000      3.6769916E-07  0.0000000E+00  0.0000000E+00
  7.8557562E-03   11.60000      3.3987658E-07  0.0000000E+00  5.2739449E-07
  8.0643166E-03   11.30000      4.0215909E-07  5.1339487E-07  0.0000000E+00
  8.2842521E-03   11.00000      3.9367839E-07  0.0000000E+00  5.8806881E-07
  8.6787408E-03   10.50000      4.2782830E-07  8.4010003E-07  8.4010003E-07
  9.1126775E-03   10.00000      5.4144942E-07  9.1944219E-07  1.8388844E-06
  9.2514493E-03   9.850000      4.8289985E-07  9.0543699E-07  9.0543699E-07
  9.3945134E-03   9.700000      4.8038953E-07  0.0000000E+00  1.7828886E-06
  9.5420703E-03   9.550000      5.0695922E-07  0.0000000E+00  3.5097169E-06
  9.6943388E-03   9.399999      5.2856507E-07  3.1503853E-07  1.2601541E-06
  1.0125197E-02   9.000001      5.1572795E-07  4.7605587E-07  2.6183072E-06
  1.0720797E-02   8.500000      5.5384328E-07  6.7207907E-07  1.3441581E-06
  1.1390847E-02   8.000000      5.9506959E-07  0.0000000E+00  1.6801979E-06
  1.2150237E-02   7.500000      6.4796569E-07  9.8011674E-07  1.9602335E-06
  1.3018111E-02   7.000000      8.0898434E-07  3.6404296E-07  1.8202148E-06
  1.4019504E-02   6.500000      1.0081192E-06  5.0405964E-07  3.8644571E-06
  1.5187796E-02   6.000000      1.2304348E-06  1.0781280E-06  3.8504572E-06
  1.6568504E-02   5.500000      1.5961883E-06  1.1201322E-06  6.0207108E-06
  1.8225355E-02   5.000000      2.0232387E-06  1.2601488E-06  6.0487146E-06
  2.0250395E-02   4.500000      2.6640482E-06  2.1282517E-06  7.0568344E-06
  2.2781694E-02   4.000000      3.6492988E-06  3.9204647E-06  1.1565369E-05
  2.6036222E-02   3.500000      5.1964803E-06  3.7804466E-06  1.7894114E-05
  3.0375592E-02   3.000000      7.9116380E-06  4.0324785E-06  2.6841184E-05
  3.3750657E-02   2.700000      9.9968083E-06  6.8384088E-06  3.3206328E-05
  4.1421261E-02   2.200000      1.6583399E-05  1.0221203E-05  5.1106021E-05
  4.5563389E-02   2.000000      2.0607515E-05  1.4519721E-05  6.1966683E-05
  5.3603984E-02   1.700000      2.9497593E-05  1.9157764E-05  9.2375914E-05
  7.0097521E-02   1.300000      4.9629627E-05  3.0593608E-05  1.5307537E-04
  7.9240680E-02   1.150000      6.1066945E-05  4.1631607E-05  1.8510196E-04
  9.1126777E-02  0.9999999      7.4164156E-05  5.1652027E-05  2.2287334E-04
  0.1072080      0.8499998      8.8765963E-05  5.8088299E-05  2.6835618E-04
  0.1301811      0.7000000      1.0052996E-04  6.7973451E-05  3.0387833E-04
  0.1656850      0.5500001      9.7843986E-05  6.9224079E-05  2.9935496E-04
  0.2071063      0.4400000      7.6334873E-05  5.2611253E-05  2.2966233E-04
  0.2531299      0.3600000      4.8680129E-05  3.2133783E-05  1.4988765E-04
  0.3037559      0.3000000      2.5204476E-05  1.4421702E-05  8.0649508E-05
  0.3645071      0.2500000      9.9940808E-06  6.7767996E-06  3.0019544E-05
  0.4556339      0.2000000      2.0421423E-06  1.5121793E-06  6.0067132E-06
  0.6075118      0.1500000      1.1294666E-07  5.6006606E-08  5.0405941E-07
  0.7593898      0.1200000      7.0008261E-09  0.0000000E+00  1.4001652E-07
  0.9112678      9.9999994E-02  3.1114750E-10  0.0000000E+00  0.0000000E+00
   1.139085      7.9999976E-02  0.0000000E+00  0.0000000E+00  0.0000000E+00
   1.518780      5.9999984E-02  0.0000000E+00  0.0000000E+00  0.0000000E+00
   1.822536      4.9999986E-02  0.0000000E+00  0.0000000E+00  0.0000000E+00
   2.278169      4.0000007E-02  0.0000000E+00  0.0000000E+00  0.0000000E+00
   3.037559      3.0000001E-02  0.0000000E+00  0.0000000E+00  0.0000000E+00
  
 Total energy radiated out of the nebula [e36 erg/s]:  3.9100149E-03
 All SEDs given per unit direction
 To obtain total emission over all directions
 must multiply by 4.Pi
