 Spectral energy distribution at the surface of the nebula: 
   viewPoints =   0.2180000      -1.000000      ,    1.350000      -1.000000    
  , 
    nu [Ryd]        lambda [um]        nu*F(nu)          
                                   [erg/sec/cm^2/str]    
  2.5312993E-06   36000.00      0.0000000E+00  0.0000000E+00  0.0000000E+00
  3.7969489E-06   24000.00      0.0000000E+00  0.0000000E+00  0.0000000E+00
  5.6954236E-06   16000.00      0.0000000E+00  0.0000000E+00  0.0000000E+00
  7.0097522E-06   13000.00      0.0000000E+00  0.0000000E+00  0.0000000E+00
  8.2842525E-06   11000.00      0.0000000E+00  0.0000000E+00  0.0000000E+00
  1.2314429E-05   7400.000      0.0000000E+00  0.0000000E+00  0.0000000E+00
  1.8225355E-05   5000.000      0.0000000E+00  0.0000000E+00  0.0000000E+00
  2.7202022E-05   3350.000      0.0000000E+00  0.0000000E+00  0.0000000E+00
  4.0500789E-05   2250.000      0.0000000E+00  0.0000000E+00  0.0000000E+00
  6.0751183E-05   1500.000      0.0000000E+00  0.0000000E+00  0.0000000E+00
  9.1126778E-05   999.9999      3.6300585E-10  0.0000000E+00  0.0000000E+00
  1.3018111E-04   699.9999      0.0000000E+00  0.0000000E+00  0.0000000E+00
  1.8225356E-04   500.0000      6.2229583E-10  0.0000000E+00  0.0000000E+00
  2.2781694E-04   400.0000      1.8668873E-09  0.0000000E+00  8.4009933E-08
  3.0375592E-04   300.0000      3.1114786E-09  0.0000000E+00  0.0000000E+00
  3.6450711E-04   250.0000      1.2445919E-08  0.0000000E+00  0.0000000E+00
  4.5563388E-04   200.0000      2.5669713E-08  0.0000000E+00  0.0000000E+00
  6.0751184E-04   150.0000      4.7916796E-08  0.0000000E+00  0.0000000E+00
  6.5090554E-04   140.0000      8.8988351E-08  0.0000000E+00  0.0000000E+00
  7.0097519E-04   130.0000      9.8945002E-08  0.0000000E+00  0.0000000E+00
  7.5938983E-04   120.0000      1.1808077E-07  0.0000000E+00  3.0803665E-07
  8.2842523E-04   110.0000      1.9929021E-07  0.0000000E+00  1.1761383E-06
  8.6787407E-04   105.0000      2.0846925E-07  5.6006633E-07  0.0000000E+00
  9.1126777E-04   100.0000      2.1282519E-07  0.0000000E+00  0.0000000E+00
  9.5922925E-04   94.99999      2.1002521E-07  0.0000000E+00  0.0000000E+00
  1.0125197E-03   90.00000      2.1951470E-07  0.0000000E+00  4.7605570E-07
  1.0720798E-03   84.99999      2.1407004E-07  0.0000000E+00  4.4805333E-07
  1.1390847E-03   80.00000      2.8236684E-07  0.0000000E+00  4.2004959E-07
  1.2150237E-03   75.00000      3.2234914E-07  0.0000000E+00  1.9602321E-06
  1.3018111E-03   70.00000      3.7213240E-07  0.0000000E+00  7.2808621E-07
  1.4019504E-03   65.00000      3.6404222E-07  3.3603945E-07  6.7207890E-07
  1.5187797E-03   60.00000      3.8846761E-07  3.0803665E-07  1.2321466E-06
  1.6568505E-03   55.00000      3.8582257E-07  0.0000000E+00  2.2402644E-06
  1.8225355E-03   50.00000      4.2004925E-07  2.5202991E-07  7.5608978E-07
  2.0250394E-03   45.00000      4.5054239E-07  4.4805287E-07  2.2402644E-07
  2.2781694E-03   40.00000      4.2689496E-07  0.0000000E+00  9.8011583E-07
  2.6036222E-03   35.00000      4.2658394E-07  1.6801981E-07  3.3603962E-07
  3.0375593E-03   30.00000      3.9858020E-07  3.9204667E-07  7.8409334E-07
  3.2545277E-03   28.00000      4.1584946E-07  0.0000000E+00  1.5121790E-06
  3.3750657E-03   27.00000      4.0044736E-07  0.0000000E+00  0.0000000E+00
  3.5048760E-03   26.00000      4.4727551E-07  0.0000000E+00  0.0000000E+00
  3.6450711E-03   25.00000      4.0324787E-07  0.0000000E+00  6.7207935E-07
  3.7969491E-03   24.00000      4.0791491E-07  0.0000000E+00  0.0000000E+00
  3.9620339E-03   23.00000      3.7991242E-07  0.0000000E+00  6.1607381E-07
  4.1421261E-03   22.00000      4.0293563E-07  0.0000000E+00  2.8003305E-07
  4.5563388E-03   20.00000      3.9313559E-07  0.0000000E+00  2.6603159E-06
  4.7961459E-03   19.00000      4.3685085E-07  0.0000000E+00  2.0162367E-06
  5.0625987E-03   18.00000      4.1787160E-07  0.0000000E+00  4.7605664E-07
  5.3603984E-03   17.00000      3.8084443E-07  4.4805267E-07  8.9610535E-07
  5.6954236E-03   16.00000      3.2903858E-07  0.0000000E+00  4.2004947E-07
  6.0751187E-03   15.00000      2.5716417E-07  8.1209708E-07  8.1209708E-07
  6.2846052E-03   14.50000      2.0473546E-07  0.0000000E+00  0.0000000E+00
  6.5090554E-03   14.00000      2.4782940E-07  1.5121790E-06  0.0000000E+00
  6.7501315E-03   13.50000      2.1438086E-07  0.0000000E+00  7.2808564E-07
  7.0097521E-03   13.00000      2.6058655E-07  0.0000000E+00  7.0008292E-07
  7.2901421E-03   12.50000      2.6509804E-07  0.0000000E+00  1.3441587E-06
  7.5938981E-03   12.00000      3.2935074E-07  0.0000000E+00  8.1209743E-07
  7.8557562E-03   11.60000      3.4573651E-07  0.0000000E+00  3.1643672E-06
  8.0643166E-03   11.30000      3.7648968E-07  0.0000000E+00  1.0267897E-06
  8.2842521E-03   11.00000      3.6917666E-07  0.0000000E+00  0.0000000E+00
  8.6787408E-03   10.50000      4.6049880E-07  5.6006667E-07  1.1201333E-06
  9.1126775E-03   10.00000      5.6188151E-07  0.0000000E+00  0.0000000E+00
  9.2514493E-03   9.850000      4.6277904E-07  0.0000000E+00  1.8108740E-06
  9.3945134E-03   9.700000      5.0515183E-07  1.7828886E-06  3.5657772E-06
  9.5420703E-03   9.550000      4.6796239E-07  0.0000000E+00  1.7548584E-06
  9.6943388E-03   9.399999      5.4606608E-07  6.3007707E-07  2.5203083E-06
  1.0125197E-02   9.000001      4.6547629E-07  4.7605587E-07  0.0000000E+00
  1.0720797E-02   8.500000      4.7792247E-07  4.4805267E-07  2.6883163E-06
  1.1390847E-02   8.000000      5.4606409E-07  0.0000000E+00  1.2601485E-06
  1.2150237E-02   7.500000      6.3816498E-07  3.9204667E-07  1.5681867E-06
  1.3018111E-02   7.000000      7.9078217E-07  0.0000000E+00  2.5483007E-06
  1.4019504E-02   6.500000      9.5958012E-07  3.3603973E-07  4.3685168E-06
  1.5187796E-02   6.000000      1.2971763E-06  6.1607318E-07  4.9285854E-06
  1.6568504E-02   5.500000      1.5526276E-06  5.6006610E-07  5.0405947E-06
  1.8225355E-02   5.000000      2.0946470E-06  1.0081191E-06  6.8048034E-06
  2.0250395E-02   4.500000      2.7405906E-06  2.0162383E-06  1.0081192E-05
  2.2781694E-02   4.000000      3.6188064E-06  1.9602323E-06  1.0781277E-05
  2.6036222E-02   3.500000      5.2515534E-06  3.6964368E-06  1.5457827E-05
  3.0375592E-02   3.000000      7.9753463E-06  5.0405984E-06  2.4698931E-05
  3.3750657E-02   2.700000      1.0161096E-05  7.1464456E-06  3.0680429E-05
  4.1421261E-02   2.200000      1.6660408E-05  1.2881518E-05  4.9285809E-05
  4.5563389E-02   2.000000      2.0582387E-05  1.5868549E-05  6.1252591E-05
  5.3603984E-02   1.700000      2.9625009E-05  2.2479655E-05  9.4196126E-05
  7.0097521E-02   1.300000      4.9507966E-05  3.7571092E-05  1.4835215E-04
  7.9240680E-02   1.150000      6.0807655E-05  4.1444917E-05  1.8314172E-04
  9.1126777E-02  0.9999999      7.3632567E-05  4.6970814E-05  2.1374895E-04
  0.1072080      0.8499998      8.8765242E-05  5.5017266E-05  2.7939881E-04
  0.1301811      0.7000000      1.0055858E-04  7.0437753E-05  3.0577785E-04
  0.1656850      0.5500001      9.8199940E-05  6.7991947E-05  2.9750675E-04
  0.2071063      0.4400000      7.6263437E-05  5.5320583E-05  2.3337976E-04
  0.2531299      0.3600000      4.8433285E-05  3.8504531E-05  1.4659725E-04
  0.3037559      0.3000000      2.5316562E-05  1.6941998E-05  7.3228643E-05
  0.3645071      0.2500000      9.9486333E-06  7.8409257E-06  3.2819873E-05
  0.4556339      0.2000000      2.0265072E-06  1.0081196E-06  4.2845086E-06
  0.6075118      0.1500000      1.0827944E-07  0.0000000E+00  1.1201321E-07
  0.7593898      0.1200000      1.5557391E-09  0.0000000E+00  0.0000000E+00
  0.9112678      9.9999994E-02  0.0000000E+00  0.0000000E+00  0.0000000E+00
   1.139085      7.9999976E-02  0.0000000E+00  0.0000000E+00  0.0000000E+00
   1.518780      5.9999984E-02  0.0000000E+00  0.0000000E+00  0.0000000E+00
   1.822536      4.9999986E-02  0.0000000E+00  0.0000000E+00  0.0000000E+00
   2.278169      4.0000007E-02  0.0000000E+00  0.0000000E+00  0.0000000E+00
   3.037559      3.0000001E-02  0.0000000E+00  0.0000000E+00  0.0000000E+00
  
 Total energy radiated out of the nebula [e36 erg/s]:  3.9099990E-03
 All SEDs given per unit direction - must multiply column 3 by Pi to obtain tota
 l emission over all directions.
