This is pdfTeX, Version 3.14159-1.10b (Web2C 7.4.5) (format=pdflatex 2007.11.14)  3 MAR 2009 16:39
**README.2.02.tex
(./README.2.02.tex{/usr/share/texmf/pdftex/config/pdftex.cfg}
LaTeX2e <2001/06/01>
Babel <v3.7h> and hyphenation patterns for american, french, german, ngerman, n
ohyphenation, loaded.
(/usr/share/texmf/tex/latex/base/article.cls
Document Class: article 2001/04/21 v1.4e Standard LaTeX document class
(/usr/share/texmf/tex/latex/base/size11.clo
File: size11.clo 2001/04/21 v1.4e Standard LaTeX file (size option)
)
\c@part=\count79
\c@section=\count80
\c@subsection=\count81
\c@subsubsection=\count82
\c@paragraph=\count83
\c@subparagraph=\count84
\c@figure=\count85
\c@table=\count86
\abovecaptionskip=\skip41
\belowcaptionskip=\skip42
\bibindent=\dimen102
)
No file README.2.02.aux.
\openout1 = `README.2.02.aux'.

LaTeX Font Info:    Checking defaults for OML/cmm/m/it on input line 10.
LaTeX Font Info:    ... okay on input line 10.
LaTeX Font Info:    Checking defaults for T1/cmr/m/n on input line 10.
LaTeX Font Info:    ... okay on input line 10.
LaTeX Font Info:    Checking defaults for OT1/cmr/m/n on input line 10.
LaTeX Font Info:    ... okay on input line 10.
LaTeX Font Info:    Checking defaults for OMS/cmsy/m/n on input line 10.
LaTeX Font Info:    ... okay on input line 10.
LaTeX Font Info:    Checking defaults for OMX/cmex/m/n on input line 10.
LaTeX Font Info:    ... okay on input line 10.
LaTeX Font Info:    Checking defaults for U/cmr/m/n on input line 10.
LaTeX Font Info:    ... okay on input line 10.
[1

{/usr/share/texmf/dvips/config/pdftex.map}]
Underfull \hbox (badness 10000) in paragraph at lines 48--90

 []


Underfull \hbox (badness 10000) in paragraph at lines 48--90

 []


Underfull \hbox (badness 10000) in paragraph at lines 48--90

 []


Underfull \hbox (badness 10000) in paragraph at lines 48--90

 []


Underfull \hbox (badness 10000) in paragraph at lines 48--90

 []


Underfull \hbox (badness 10000) in paragraph at lines 48--90

 []


Underfull \hbox (badness 10000) in paragraph at lines 48--90

 []

[2]
Underfull \hbox (badness 10000) in paragraph at lines 93--95

 []


Underfull \hbox (badness 10000) in paragraph at lines 93--95

 []

[3]
Underfull \hbox (badness 10000) in paragraph at lines 129--136

 []


Underfull \hbox (badness 10000) in paragraph at lines 136--140

 []

LaTeX Font Info:    External font `cmex10' loaded for size
(Font)              <10.95> on input line 160.
LaTeX Font Info:    External font `cmex10' loaded for size
(Font)              <8> on input line 160.
LaTeX Font Info:    External font `cmex10' loaded for size
(Font)              <6> on input line 160.

Underfull \hbox (badness 10000) in paragraph at lines 141--176

 []


Underfull \hbox (badness 10000) in paragraph at lines 141--176

 []


Underfull \hbox (badness 10000) in paragraph at lines 141--176

 []


Underfull \hbox (badness 10000) in paragraph at lines 141--176

 []


Underfull \hbox (badness 10000) in paragraph at lines 141--176

 []


Underfull \hbox (badness 10000) in paragraph at lines 141--176

 []

[4]
Underfull \hbox (badness 10000) in paragraph at lines 177--180

 []


Underfull \hbox (badness 10000) in paragraph at lines 184--189

 []


Underfull \hbox (badness 10000) in paragraph at lines 190--196

 []


Underfull \hbox (badness 10000) in paragraph at lines 190--196

 []


Underfull \hbox (badness 10000) in paragraph at lines 197--200

 []


Underfull \hbox (badness 10000) in paragraph at lines 197--200

 []


Underfull \hbox (badness 10000) in paragraph at lines 201--208

 []


Underfull \hbox (badness 10000) in paragraph at lines 201--208

 []

[5]
Underfull \hbox (badness 10000) in paragraph at lines 209--212

 []


Underfull \hbox (badness 10000) in paragraph at lines 213--231

 []


Underfull \hbox (badness 10000) in paragraph at lines 213--231

 []


Underfull \hbox (badness 10000) in paragraph at lines 213--231

 []

[6]
Underfull \hbox (badness 10000) in paragraph at lines 234--235

 []


Underfull \hbox (badness 10000) in paragraph at lines 236--237

 []


Underfull \hbox (badness 10000) in paragraph at lines 238--253

 []


Underfull \hbox (badness 10000) in paragraph at lines 255--260

 []


Underfull \hbox (badness 10000) in paragraph at lines 261--266

 []


Underfull \hbox (badness 10000) in paragraph at lines 267--281

 []


Underfull \hbox (badness 10000) in paragraph at lines 267--281

 []


Underfull \hbox (badness 10000) in paragraph at lines 282--284

 []


Underfull \hbox (badness 10000) in paragraph at lines 285--287

 []


Underfull \hbox (badness 10000) in paragraph at lines 291--316

 []

[7]
Underfull \hbox (badness 10000) in paragraph at lines 317--341

 []


Underfull \hbox (badness 10000) in paragraph at lines 342--350

 []


Underfull \hbox (badness 10000) in paragraph at lines 351--358

 []

[8]
Underfull \hbox (badness 10000) in paragraph at lines 359--369

 []


Underfull \hbox (badness 10000) in paragraph at lines 371--382

 []

[9]
Underfull \hbox (badness 10000) in paragraph at lines 385--386

 []


Underfull \hbox (badness 10000) in paragraph at lines 387--390

 []


Underfull \hbox (badness 10000) in paragraph at lines 391--404

 []


Underfull \hbox (badness 10000) in paragraph at lines 426--449

 []

[10]
Underfull \hbox (badness 10000) in paragraph at lines 450--462

 []


Underfull \hbox (badness 10000) in paragraph at lines 463--468

 []


Underfull \hbox (badness 10000) in paragraph at lines 469--487

 []


Underfull \hbox (badness 10000) in paragraph at lines 488--499

 []


Underfull \hbox (badness 10000) in paragraph at lines 500--504

 []


Underfull \hbox (badness 10000) in paragraph at lines 505--509

 []

[11]
Underfull \hbox (badness 10000) in paragraph at lines 511--514

 []


Underfull \hbox (badness 10000) in paragraph at lines 515--519

 []


Underfull \hbox (badness 10000) in paragraph at lines 520--523

 []


Underfull \hbox (badness 10000) in paragraph at lines 524--529

 []


Underfull \hbox (badness 10000) in paragraph at lines 530--538

 []


Underfull \hbox (badness 10000) in paragraph at lines 539--545

 []


Underfull \hbox (badness 10000) in paragraph at lines 545--549

 []


Underfull \hbox (badness 10000) in paragraph at lines 549--555

 []

[12]
Underfull \hbox (badness 10000) in paragraph at lines 556--561

 []


Underfull \hbox (badness 10000) in paragraph at lines 562--568

 []


Underfull \hbox (badness 10000) in paragraph at lines 569--583

 []


Underfull \hbox (badness 10000) in paragraph at lines 584--598

 []


Underfull \hbox (badness 10000) in paragraph at lines 599--609

 []

[13]
Underfull \hbox (badness 10000) in paragraph at lines 610--616

 []


Underfull \hbox (badness 10000) in paragraph at lines 617--618

 []


Underfull \hbox (badness 10000) in paragraph at lines 619--621

 []


Underfull \hbox (badness 10000) in paragraph at lines 622--636

 []


Underfull \hbox (badness 10000) in paragraph at lines 637--655

 []


Underfull \hbox (badness 10000) in paragraph at lines 656--658

 []

[14]
Underfull \hbox (badness 10000) in paragraph at lines 659--661

 []


Underfull \hbox (badness 10000) in paragraph at lines 662--665

 []


Underfull \hbox (badness 10000) in paragraph at lines 666--668

 []


Underfull \hbox (badness 10000) in paragraph at lines 669--671

 []


Underfull \hbox (badness 10000) in paragraph at lines 672--674

 []


Underfull \hbox (badness 10000) in paragraph at lines 675--677

 []


Underfull \hbox (badness 10000) in paragraph at lines 678--680

 []


Underfull \hbox (badness 10000) in paragraph at lines 681--683

 []


Underfull \hbox (badness 10000) in paragraph at lines 684--689

 []


Underfull \hbox (badness 10000) in paragraph at lines 690--701

 []

[15]
Underfull \hbox (badness 10000) in paragraph at lines 702--704

 []


Underfull \hbox (badness 10000) in paragraph at lines 708--710

 []


Underfull \hbox (badness 10000) in paragraph at lines 711--713

 []


Underfull \hbox (badness 10000) in paragraph at lines 714--718

 []


Underfull \hbox (badness 10000) in paragraph at lines 719--723

 []


Underfull \hbox (badness 10000) in paragraph at lines 724--731

 []

[16]
Underfull \hbox (badness 10000) in paragraph at lines 732--739

 []


Underfull \hbox (badness 10000) in paragraph at lines 740--742

 []


Underfull \hbox (badness 10000) in paragraph at lines 744--746

 []


Underfull \hbox (badness 10000) in paragraph at lines 747--749

 []


Underfull \hbox (badness 10000) in paragraph at lines 751--753

 []


Underfull \hbox (badness 10000) in paragraph at lines 754--757

 []

[17]
Underfull \hbox (badness 10000) in paragraph at lines 760--761

 []


Underfull \hbox (badness 10000) in paragraph at lines 762--763

 []


Underfull \hbox (badness 10000) in paragraph at lines 764--773

 []


Underfull \hbox (badness 10000) in paragraph at lines 774--776

 []


Underfull \hbox (badness 10000) in paragraph at lines 808--824

 []

[18]
Underfull \hbox (badness 10000) in paragraph at lines 825--826

 []


Underfull \hbox (badness 10000) in paragraph at lines 827--849

 []


Underfull \hbox (badness 10000) in paragraph at lines 850--851

 []


Underfull \hbox (badness 10000) in paragraph at lines 852--857

 []


Underfull \hbox (badness 10000) in paragraph at lines 861--870

 []


Underfull \hbox (badness 10000) in paragraph at lines 873--887

 []

[19]
Underfull \hbox (badness 10000) in paragraph at lines 890--895

 []


Underfull \hbox (badness 10000) in paragraph at lines 897--903

 []


Underfull \hbox (badness 10000) in paragraph at lines 905--907

 []


Underfull \hbox (badness 10000) in paragraph at lines 909--919

 []


Underfull \hbox (badness 10000) in paragraph at lines 921--926

 []


Underfull \hbox (badness 10000) in paragraph at lines 928--935

 []


Underfull \hbox (badness 10000) in paragraph at lines 938--989

 []

[20]
Underfull \hbox (badness 10000) in paragraph at lines 991--997

 []


Underfull \hbox (badness 10000) in paragraph at lines 999--1002

 []


Underfull \hbox (badness 10000) in paragraph at lines 999--1002

 []


Underfull \hbox (badness 10000) in paragraph at lines 1003--1024

 []

[21]
Underfull \hbox (badness 10000) in paragraph at lines 1025--1026

 []


Underfull \hbox (badness 10000) in paragraph at lines 1027--1030

 []


Underfull \hbox (badness 10000) in paragraph at lines 1031--1096

 []


Underfull \hbox (badness 10000) in paragraph at lines 1031--1096

 []


Underfull \hbox (badness 10000) in paragraph at lines 1031--1096

 []


Underfull \hbox (badness 10000) in paragraph at lines 1031--1096

 []


Underfull \hbox (badness 10000) in paragraph at lines 1031--1096

 []


Underfull \hbox (badness 10000) in paragraph at lines 1031--1096

 []

[22]
Underfull \hbox (badness 10000) in paragraph at lines 1097--1135

 []


Underfull \hbox (badness 10000) in paragraph at lines 1097--1135

 []


Underfull \hbox (badness 10000) in paragraph at lines 1097--1135

 []

[23]
Underfull \hbox (badness 10000) in paragraph at lines 1136--1137

 []


Underfull \hbox (badness 10000) in paragraph at lines 1138--1180

 []


Underfull \hbox (badness 10000) in paragraph at lines 1138--1180

 []


Underfull \hbox (badness 10000) in paragraph at lines 1138--1180

 []

[24]
Underfull \hbox (badness 10000) in paragraph at lines 1181--1188

 []


Underfull \hbox (badness 10000) in paragraph at lines 1189--1200

 []


Underfull \hbox (badness 10000) in paragraph at lines 1202--1203

 []


Underfull \hbox (badness 10000) in paragraph at lines 1204--1205

 []


Underfull \hbox (badness 10000) in paragraph at lines 1206--1217

 []

[25] [26]
Underfull \hbox (badness 10000) in paragraph at lines 1222--1223

 []


Underfull \hbox (badness 10000) in paragraph at lines 1224--1234

 []


Underfull \hbox (badness 10000) in paragraph at lines 1235--1237

 []


Underfull \hbox (badness 10000) in paragraph at lines 1238--1245

 []

[27] (./README.2.02.aux) ) 
Here is how much of TeX's memory you used:
 234 strings out of 95437
 2476 string characters out of 1190232
 52491 words of memory out of 1000001
 3308 multiletter control sequences out of 10000+50000
 9146 words of font info for 32 fonts, out of 500000 for 1000
 14 hyphenation exceptions out of 1000
 21i,4n,19p,1197b,162s stack positions out of 1500i,500n,5000p,200000b,5000s
 122 PDF objects out of 300000
 0 named destinations out of 131072
 0 words of extra memory for PDF output out of 65536
{/usr/share/texmf/dvips/tetex/bbad153f.enc}</usr/shar
e/texmf/fonts/type1/bluesky/cm/cmsy6.pfb></usr/share/texmf/fonts/type1/bluesky/
cm/cmsy8.pfb>{/usr/share/texmf/dvips/tetex/aae443f0.enc}</usr/share/texmf/fonts
/type1/bluesky/cm/cmmi8.pfb>{/usr/share/texmf/dvips/tetex/f7b6d320.enc}</usr/sh
are/texmf/fonts/type1/bluesky/cm/cmr8.pfb></usr/share/texmf/fonts/type1/bluesky
/cm/cmmi10.pfb></usr/share/texmf/fonts/type1/bluesky/cm/cmsy10.pfb>{/usr/share/
texmf/dvips/tetex/74afc74c.enc}</usr/share/texmf/fonts/type1/bluesky/cm/cmti10.
pfb></usr/share/texmf/fonts/type1/bluesky/cm/cmbx10.pfb></usr/share/texmf/fonts
/type1/bluesky/cm/cmr10.pfb></usr/share/texmf/fonts/type1/bluesky/cm/cmr12.pfb>
{/usr/share/texmf/dvips/tetex/0ef0afca.enc}</usr/share/texmf/fonts/type1/bluesk
y/cm/cmcsc10.pfb></usr/share/texmf/fonts/type1/bluesky/cm/cmbx12.pfb>
Output written on README.2.02.pdf (27 pages, 174006 bytes).
