 Spectral energy distribution at the surface of the nebula: 
   viewPoints = 
    nu [Ryd]        lambda [um]        nu*F(nu)          
                                   [erg/sec/cm^2/str]    
 2.5312992E-6 36000.0 0.0E+0
 3.796949E-6 24000.0 5.0588996E-6
 5.6954236E-6 15999.999 4.7656294E-6
 7.009752E-6 13000.0 4.8389465E-6
 8.2842525E-6 11000.0 4.5212395E-6
 1.2314429E-5 7400.0 5.2696882E-6
 1.8225355E-5 5000.0 1.2280663E-5
 2.7202022E-5 3350.0 1.6421436E-5
 4.050079E-5 2250.0 2.2215168E-5
 6.0751182E-5 1500.0 4.003124E-5
 9.112678E-5 999.99993 5.5684464E-5
 1.3018111E-4 699.99993 9.073008E-5
 1.8225356E-4 499.99996 1.5836525E-4
 2.2781694E-4 400.0 2.1445449E-4
 3.0375592E-4 300.0 4.833451E-4
 3.645071E-4 249.99998 9.770384E-4
 4.5563388E-4 200.0 2.3332925E-3
 6.0751184E-4 150.0 7.917082E-3
 6.5090553E-4 140.0 0.010647088
 7.009752E-4 130.0 0.014084261
 7.5938983E-4 119.99999 0.019588491
 8.284252E-4 110.0 0.02794081
 8.6787407E-4 105.0 0.03401634
 9.1126776E-4 100.0 0.0414784
 9.5922924E-4 95.0 0.050874143
 1.0125197E-3 89.99999 0.062309347
 1.0720798E-3 84.99999 0.0788222
 1.1390847E-3 79.99999 0.09849914
 1.2150237E-3 75.0 0.12550363
 1.3018111E-3 70.0 0.1616509
 1.4019504E-3 65.0 0.21013327
 1.5187797E-3 59.999996 0.27324992
 1.6568504E-3 55.0 0.3573366
 1.8225355E-3 50.0 0.46743145
 2.0250394E-3 44.999996 0.60073393
 2.2781693E-3 39.999996 0.7453055
 2.6036221E-3 35.0 0.84988766
 3.0375593E-3 29.999998 0.839695
 3.2545276E-3 27.999998 0.7803008
 3.3750657E-3 27.0 0.7398306
 3.504876E-3 26.0 0.68701493
 3.645071E-3 25.0 0.6407368
 3.796949E-3 23.999998 0.5831234
 3.962034E-3 23.0 0.5228704
 4.142126E-3 22.0 0.45855513
 4.556339E-3 19.999998 0.33618363
 4.796146E-3 19.0 0.28045904
 5.0625987E-3 18.0 0.22948742
 5.3603984E-3 17.0 0.1814095
 5.6954235E-3 16.0 0.14061333
 6.0751186E-3 14.999999 0.10473187
 6.2846052E-3 14.5 0.090251713
 6.6E-3 13.807088 0.07144548
 6.9E-3 13.2067794 0.05867612
 7.999999E-3 11.390847 0.0291483
 8.3E-3 10.979129 0.024761345
 9.699999E-3 9.394513 0.013078691
 0.01 9.112678 0.012140966
 0.011999999 7.5938982 8.930117E-3
 0.0123 7.408681 8.56817E-3
 0.015299999 5.955999 9.35547E-3
 0.0156 5.84146 9.325909E-3
 0.020100001 4.53367 0.011605282
 0.0204 4.4669985 0.011803916
 0.0275 3.3137006 0.014466431
 0.0278 3.2779414 0.015978161
 0.039699997 2.295385 0.02062216
 0.04 2.2781693 0.02295846
 0.04625 1.9703085 0.02491561
 0.052500002 1.735748 0.02706185
 0.0622 1.4650606 0.029368347
 0.0625 1.4580284 0.037974271
 0.06875 1.3254805 0.039147753
 0.075 1.2150236 0.040229476
 0.081250004 1.1215602 0.042319502
 0.087500005 1.0414488 0.043437797
 0.09375001 0.9720189 0.04426228
 0.10000001 0.91126763 0.045128412
 0.11087 0.82192456 0.016054304
 0.11117 0.8197065 0.08337617
 0.1158 0.7869324 0.08341717
 0.1161 0.784899 0.083767615
 0.12218 0.7458404 0.083399534
 0.12248 0.74401354 0.08392612
 0.12873 0.70789074 0.08247893
 0.13701999 0.6650619 0.082275345
 0.13732 0.6636089 0.08258595
 0.14356999 0.6347202 0.08389679
 0.14981999 0.6082418 0.082571744
 0.15606998 0.58388406 0.082877345
 0.16231997 0.56140214 0.09009222
 0.16856997 0.54058724 0.089636914
 0.17481996 0.5212607 0.090530104
 0.18106996 0.50326836 0.0888344
 0.18731995 0.48647662 0.090529493
 0.19356994 0.47076922 0.09004166
 0.19981994 0.45604446 0.09111
 0.20606993 0.44221287 0.09192912
 0.21231993 0.42919558 0.0915639
 0.21856992 0.41692274 0.093070924
 0.22481991 0.4053323 0.09581532
 0.23106991 0.39436882 0.095287114
 0.2373199 0.38398283 0.09812562
 0.24733 0.36844205 0.0985541
 0.24763 0.3679957 0.1036244
 0.24963999 0.36503276 0.101945415
 0.24994 0.36459463 0.3576697
 0.25619 0.35569995 0.34676772
 0.266 0.34258183 0.33584696
 0.2663 0.34219592 0.34192615
 0.27255 0.33434882 0.3363999
 0.27879998 0.32685357 0.32760015
 0.28504997 0.31968703 0.3198226
 0.29159 0.3125168 0.30465856
 0.29189 0.3121956 0.31365633
 0.31689 0.28756594 0.292163
 0.34189 0.2665383 0.2775444
 0.36689 0.24837628 0.2729709
 0.39189001 0.23253149 0.2757338
 0.41689002 0.21858709 0.28569
 0.44189003 0.20622048 0.39048641
 0.46689003 0.19517826 0.3929322
 0.49189004 0.18525843 0.39787515
 0.51689004 0.17629819 0.4121251
 0.5616705 0.16224241 0.44208782
 0.5619705 0.1621558 0.4427857
 0.5804861 0.15698355 0.468389
 0.5807861 0.15690246 0.45970606
 0.5988608 0.15216687 0.4709213
 0.5991608 0.15209068 0.47710266
 0.62416076 0.14599888 0.49675786
 0.64916074 0.14037628 0.5119578
 0.6741607 0.1351707 0.5170261
 0.6991607 0.13033739 0.51570385
 0.7241607 0.12583779 0.48648217
 0.7611457 0.11972317 0.4366918
 0.7614457 0.119675993 0.43772393
 0.7864457 0.11587167 0.4749592
 0.8272945 0.11015034 0.53105604
 0.8275945 0.11011042 0.5390377
 0.8525945 0.10688172 0.5791865
 0.8775945 0.10383699 0.6247648
 0.90259444 0.100960925 0.67281025
 0.9275944 0.09823989 0.717375
 0.9525944 0.09566168 0.76305615
 0.999134 0.09120575 0.88494044
 0.999434 0.09117838 0.8897491
 1.0007511 0.09105837 0.7989019
 1.0010512 0.09103108 0.8303839
 1.0260512 0.08881309 0.7422111
 1.0676349 0.08535387 0.64489054
 1.067935 0.08532988 0.6379554
 1.1051192 0.08245877 0.599479
 1.1054193 0.08243639 0.57519924
 1.1304193 0.080613255 0.5484774
 1.1580383 0.07869065 0.5148555
 1.1583383 0.07867026 0.53343075
 1.1896427 0.07660013 0.50754153
 1.1899427 0.07658081 0.52951246
 1.2014024 0.07585034 0.53369545
 1.2017025 0.07583139 0.5302271
 1.2267025 0.07428596 0.5383307
 1.2517024 0.07280226 0.55073034
 1.2767024 0.07137668 0.5700336
 1.3017024 0.07000584 0.58961516
 1.3267024 0.06868668 0.61480844
 1.3517023 0.0674163 0.6465881
 1.3767023 0.06619207 0.6798584
 1.4017023 0.0650115 0.71513253
 1.4267023 0.063872314 0.7525731
 1.4517022 0.062772355 1.0233775
 1.4767022 0.061709653 0.8317218
 1.5017022 0.060682322 0.87505877
 1.5267022 0.059688642 0.92045253
 1.5517021 0.058726977 0.96260136
 1.5843302 0.057517535 1.0028703
 1.5846303 0.05750665 1.0248466
 1.6096302 0.056613486 1.0733074
 1.6346302 0.055747643 1.1239765
 1.6596302 0.05490788 1.1754073
 1.6846302 0.054093047 1.2266679
 1.7144228 0.053153034 1.2888138
 1.7147229 0.053143732 1.2882355
 1.7397228 0.052380055 1.3440497
 1.7647228 0.05163801 1.3987997
 1.7915963 0.050863455 1.4801321
 1.7918963 0.050854936 1.4601866
 1.80774 0.050409227 1.6253275
 1.80804 0.050400856 1.6009228
 1.83304 0.049713466 1.628735
 1.85804 0.04904457 1.6719514
 1.88304 0.048393435 1.7120981
 1.9080399 0.04775936 1.7496756
 1.9330399 0.047141693 1.7951591
 1.9580399 0.046539794 1.8508877
 1.9830399 0.04595307 1.9033848
 2.030467 0.044879712 1.9498916
 2.030767 0.04487308 2.0079412
 2.055767 0.044327381 2.0675821
 2.0807671 0.0437948 2.1293227
 2.1057672 0.043274853 2.1876893
 2.1307673 0.042767114 2.242633
 2.1752593 0.041892372 2.361721
 2.1755592 0.041886597 2.3569278
 2.2005593 0.04141073 2.408534
 2.2255594 0.04094556 2.4706504
 2.2524328 0.040457043 2.57683
 2.2527327 0.04045166 2.5361354
 2.2777328 0.040007662 2.591572
 2.302733 0.039573315 2.659445
 2.327733 0.039148293 2.7049703
 2.3527331 0.0387323 2.7758092
 2.3777332 0.038325063 2.8241648
 2.4027333 0.037926293 2.8887245
 2.4277334 0.037535741 2.9529247
 2.461169 0.03702581 3.0042388
 2.461469 0.037021297 3.0250618
 2.486469 0.03664907 3.0808403
 2.5114691 0.03628425 3.1323082
 2.559657 0.035601165 3.3281261
 2.559957 0.035596996 3.2534198
 2.5809714 0.035307157 3.3558387
 2.5812714 0.035303056 3.3009471
 2.6062715 0.03496442 3.3579072
 2.6312716 0.03463222 3.426671
 2.6562716 0.03430627 3.4790878
 2.6812717 0.0339864 3.548638
 2.706272 0.033672437 3.6001851
 2.731272 0.033364225 3.6537144
 2.756272 0.033061604 3.714914
 2.7812721 0.03276442 3.7791256
 2.8062722 0.032472535 3.830588
 2.8312723 0.0321858 3.8770477
 2.8562724 0.03190409 3.940302
 2.8812725 0.031627267 3.9844737
 2.9062726 0.031355205 4.044363
 2.9312727 0.031087784 4.075062
 2.9562728 0.030824885 4.116609
 2.994034 0.030436117 4.1278376
 2.994334 0.030433068 59.6163
 3.0102035 0.030272627 4.261609
 3.0105035 0.030269612 4.175356
 3.0355036 0.030020317 4.24214
 3.0605037 0.029775092 4.2917122
 3.0855038 0.029533839 4.3456697
 3.110504 0.029296465 4.4074072
 3.135504 0.029062878 4.449791
 3.160504 0.028832985 4.513802
 3.1855041 0.028606705 4.5694885
 3.2105042 0.028383944 4.625456
 3.2355043 0.028164627 4.668379
 3.2605044 0.027948674 4.7256803
 3.2855045 0.027736004 4.777909
 3.3174278 0.027469104 4.988493
 3.3177278 0.027466621 4.8596453
 3.342728 0.0272612 4.91671
 3.367728 0.027058829 4.972914
 3.392728 0.02685944 5.0160574
 3.4177281 0.026662968 5.062717
 3.4427282 0.026469348 5.125793
 3.47692 0.026209053 5.383861
 3.4772198 0.02620679 5.2164373
 3.4872097 0.026131716 5.2693696
 3.4875097 0.02612947 5.2285923
 3.519549 0.025891606 5.3092026
 3.5198488 0.025889399 5.1309432
 3.544849 0.025706813 12.674781
 3.569849 0.025526788 5.229182
 3.594849 0.025349263 5.2499713
 3.6198492 0.025174191 5.2810106
 3.6448493 0.02500152 5.3445615
 3.6698493 0.024831202 5.383099
 3.6948494 0.024663188 5.410602
 3.7198495 0.024497434 5.4587345
 3.7448496 0.024333894 8.478059
 3.7698497 0.024172522 5.5489597
 3.7948498 0.024013275 5.596782
 3.81985 0.023856115 7.1212487
 3.84485 0.023700995 5.652905
 3.8698501 0.023547882 5.7289433
 3.8948502 0.023396736 5.767498
 3.9198503 0.023247514 5.81865
 3.9448504 0.023100186 5.8660454
 3.9698505 0.022954712 5.8930964
 3.9997 0.022783402 5.946975
 4.0 0.022781694 3.9400732
 4.0274243 0.022626564 2.59908
 4.0277242 0.022624878 2.5721752
 4.037714 0.022568902 2.4709863
 4.038014 0.022567226 2.3786766
 4.063014 0.022428367 2.056561
 4.088014 0.022291208 1.79978
 4.113014 0.022155717 1.6171569
 4.1380143 0.022021862 1.4510822
 4.1630144 0.021889614 1.3388244
 4.1880145 0.021758944 1.2531276
 4.2130146 0.021629825 1.1783904
 4.2380146 0.02150223 1.1380502
 4.263015 0.021376133 1.1099616
 4.288015 0.021251507 1.0772772
 4.313015 0.021128323 1.0515134
 4.338015 0.02100656 1.0509784
 4.363015 0.020886194 1.0499152
 4.395653 0.020731114 1.0234696
 4.3959527 0.020729698 1.0440269
 4.420953 0.020612475 1.0420021
 4.445953 0.020496568 1.0525752
 4.470953 0.020381957 1.0443791
 4.495953 0.02026862 1.0554475
 4.520953 0.02015654 1.0629344
 4.5459532 0.02004569 1.0664548
 4.5709533 0.019936055 1.0693922
 4.5959534 0.01982761 1.0784167
 4.6209535 0.01972034 1.0911776
 4.6639223 0.019538656 1.0226569
 4.6642222 0.019537399 1.1021272
 4.6892223 0.019433238 1.0939081
 4.7142224 0.01933018 1.1118485
 4.739626 0.019226575 1.0583732
 4.739926 0.019225359 1.0161735
 4.764926 0.01912449 1.0301733
 4.789926 0.019024672 1.029386
 4.814926 0.018925892 1.0233262
 4.8399262 0.018828133 1.0453123
 4.8649263 0.018731378 1.0522537
 4.8899264 0.018635612 1.0513834
 4.9149265 0.018540822 1.069018
 4.9399266 0.01844699 1.0790637
 4.9649267 0.018354103 1.0833899
 4.989927 0.018262146 1.0881205
 5.014927 0.018171107 1.0987353
 5.039927 0.01808097 1.1082922
 5.064927 0.017991723 1.1137912
 5.089927 0.017903356 1.1163108
 5.1149272 0.017815849 1.1276664
 5.1399273 0.017729195 1.1351681
 5.1649274 0.017643379 1.1455293
 5.1899275 0.01755839 1.1521245
 5.2149276 0.017474215 1.1520307
 5.239928 0.017390845 1.1720985
 5.264928 0.017308267 1.168334
 5.289928 0.017226469 1.173905
 5.314928 0.01714544 1.1761417
 5.34158 0.01705989 1.1457849
 5.34188 0.017058933 1.1805228
 5.36688 0.016979469 1.1909816
 5.39188 0.016900742 1.1965057
 5.41688 0.016822742 1.1974785
 5.44188 0.016745457 1.2021912
 5.4668803 0.01666888 1.2056875
 5.5128316 0.016529938 1.2411394
 5.5131316 0.01652904 1.1976359
 5.5135664 0.016527737 1.2514131
 5.5138664 0.016526837 1.2113746
 5.5388665 0.016452242 1.2114828
 5.5638666 0.016378317 1.2145034
 5.5888667 0.016305054 1.2209439
 5.613867 0.016232442 1.2091677
 5.638867 0.016160477 1.212345
 5.663867 0.016089145 1.2198173
 5.6892285 0.016017422 1.1389993
 5.6895284 0.016016576 1.2310698
 5.6936383 0.016005017 1.4196352
 5.6939382 0.016004173 1.2045436
 5.7189383 0.015934212 1.2012599
 5.7439384 0.01586486 1.1934782
 5.7689385 0.015796108 1.1801367
 5.7939386 0.015727948 1.1796256
 5.8189387 0.015660377 1.1746688
 5.843939 0.0155933825 1.1784925
 5.8898797 0.015471755 1.1381371
 5.8901796 0.015470968 1.1669569
 5.9151797 0.01540558 1.1853951
 5.94018 0.015340744 1.1790837
 5.96518 0.015276451 1.1777481
 5.99018 0.015212694 1.1707733
 6.01518 0.015149467 1.1750772
 6.04018 0.0150867644 1.1722821
 6.0651803 0.015024577 1.1903945
 6.0901803 0.014962902 1.1830846
 6.1151804 0.014901731 1.1945856
 6.1401805 0.014841057 1.198713
 6.1651806 0.014780877 1.1959184
 6.190181 0.014721182 1.1860633
 6.215181 0.014661968 1.2044144
 6.240181 0.014603226 1.1941062
 6.265181 0.014544955 1.2067726
 6.290181 0.014487146 1.2090424
 6.3151812 0.014429796 1.2106527
 6.3401813 0.014372897 1.2007749
 6.3651814 0.014316446 1.2116979
 6.3901815 0.0142604354 1.2243842
 6.4151816 0.0142048625 1.2064569
 6.4401817 0.014149721 1.2113085
 6.471254 0.014081779 1.105737
 6.471554 0.014081128 1.2057278
 6.496554 0.01402694 1.2075276
 6.521554 0.013973168 1.2078426
 6.546554 0.013919807 1.2085274
 6.571554 0.013866852 1.2111479
 6.5965542 0.013814299 1.2172644
 6.6215543 0.013762142 1.2142751
 6.6465544 0.013710378 1.210197
 6.68881 0.013623765 1.103669
 6.68911 0.013623155 1.2100383
 6.71411 0.013572428 1.2099828
 6.73911 0.013522078 1.2074028
 6.76411 0.013472101 1.2004855
 6.78911 0.013422491 1.1977847
 6.8141102 0.013373246 1.203754
 6.8391103 0.013324361 1.2022437
 6.8641104 0.013275832 1.1934733
 6.8891105 0.013227655 1.2102757
 6.9141106 0.013179826 1.208037
 6.9391107 0.013132342 1.2109704
 6.964111 0.0130851995 1.2039368
 6.989111 0.013038393 1.2188044
 7.014111 0.012991921 1.2201095
 7.039111 0.01294578 1.2153234
 7.064111 0.012899963 1.2250469
 7.0891113 0.012854471 1.2255727
 7.1378865 0.012766633 1.1646813
 7.1381864 0.012766096 1.2041693
 7.1631865 0.012721541 1.1961871
 7.19448 0.012666207 1.2319522
 7.19478 0.012665679 1.1763057
 7.21978 0.012621822 1.190143
 7.24478 0.012578267 1.1828831
 7.280473 0.0125166 1.0811654
 7.280773 0.012516084 1.1880264
 7.3057732 0.012473254 1.1863852
 7.3307733 0.012430718 1.1810606
 7.3557734 0.01238847 1.1879035
 7.3807735 0.012346508 1.1845056
 7.4057736 0.0123048285 1.1766266
 7.4307737 0.01226343 1.1924317
 7.455774 0.01222231 1.1845706
 7.480774 0.012181464 1.181928
 7.505774 0.012140889 1.1907316
 7.530774 0.012100585 1.1891984
 7.555774 0.012060548 1.1833078
 7.5807743 0.012020773 1.1708491
 7.6057744 0.011981261 1.1685542
 7.6307744 0.011942008 1.1743085
 7.6557745 0.01190301 1.1768423
 7.6807746 0.011864268 1.1783876
 7.705775 0.011825778 1.1664269
 7.730775 0.011787535 1.1782371
 7.755775 0.011749538 1.1810578
 7.780775 0.0117117865 1.18175
 7.805775 0.011674277 1.16855
 7.8307752 0.011637005 1.1719136
 7.8557753 0.011599972 1.167361
 7.8807754 0.0115631734 1.1712842
 7.9057755 0.011526607 1.1613321
 7.9307756 0.011490271 1.179169
 7.9557757 0.011454165 1.1709168
 7.980776 0.011418284 1.1546421
 8.005775 0.011382628 1.1526376
 8.033099 0.011343912 1.0645823
 8.0334 0.011343488 1.1602062
 8.058399 0.011308297 1.1574357
 8.083399 0.0112733244 1.1658269
 8.108398 0.011238567 1.1564844
 8.133398 0.011204023 1.1615169
 8.158398 0.011169691 1.1606368
 8.183397 0.011135568 1.1655612
 8.208397 0.011101653 1.1554002
 8.233397 0.011067945 1.1644245
 8.258396 0.01103444 1.1484512
 8.283396 0.011001138 1.1499236
 8.308395 0.010968035 1.151201
 8.333395 0.010935132 1.1572932
 8.371193 0.010885758 1.2258431
 8.371493 0.010885367 1.1167829
 8.396493 0.010852957 1.1037178
 8.421493 0.010820739 1.0969642
 8.446492 0.010788713 1.0973965
 8.471492 0.010756874 1.100421
 8.496491 0.010725224 1.1016124
 8.521491 0.010693759 1.1062033
 8.546491 0.010662478 1.0990719
 8.57149 0.010631381 1.0974979
 8.59649 0.0106004634 1.107922
 8.62149 0.010569724 1.1026862
 8.646489 0.010539165 1.1074431
 8.671489 0.01050878 1.1021384
 8.696488 0.010478572 1.0869907
 8.721488 0.010448536 1.0891945
 8.746488 0.01041867 1.0970495
 8.771487 0.010388976 1.0979084
 8.796487 0.01035945 1.0831597
 8.821486 0.010330093 1.0895365
 8.846486 0.010300901 1.0943756
 8.871486 0.010271873 1.0927459
 8.896485 0.010243008 1.0796618
 8.921485 0.0102143054 1.0833238
 8.946485 0.010185763 1.0737654
 8.971484 0.01015738 1.0749899
 8.996484 0.010129155 1.0762044
 9.021483 0.010101085 1.0751866
 9.046483 0.010073171 1.0751814
 9.071483 0.010045411 1.0744013
 9.096482 0.010017805 1.0642369
 9.121482 9.990348E-3 1.045373
 9.1464815 9.963041E-3 1.0601078
 9.171481 9.935884E-3 1.0521119
 9.196481 9.9088745E-3 1.0561935
 9.22148 9.882011E-3 1.0627966
 9.24648 9.855294E-3 1.0570197
 9.275226 9.824751E-3 1.015274
 9.275526 9.8244315E-3 1.0396482
 9.300526 9.798024E-3 1.0271481
 9.325525 9.771758E-3 1.0114479
 9.350525 9.745632E-3 1.0101281
 9.3755245 9.719646E-3 1.0117973
 9.400524 9.693797E-3 1.0100706
 9.425524 9.668086E-3 1.0052515
 9.450523 9.642511E-3 0.9790655
 9.475523 9.617071E-3 0.99762016
 9.500523 9.591764E-3 0.9812361
 9.525522 9.566592E-3 0.9913607
 9.550522 9.541549E-3 0.98812246
 9.575521 9.516638E-3 0.9764713
 9.600521 9.491857E-3 0.968969
 9.625521 9.467205E-3 0.9623459
 9.65052 9.4426805E-3 0.96501505
 9.67552 9.418282E-3 0.96376943
 9.70052 9.39401E-3 0.9639125
 9.725519 9.369862E-3 0.9622038
 9.750519 9.345839E-3 0.9539109
 9.775518 9.321938E-3 0.9350268
 9.800518 9.298159E-3 0.93966
 9.825518 9.274501E-3 0.93764805
 9.850517 9.250963E-3 0.95567715
 9.875517 9.227545E-3 0.9289085
 9.9005165 9.204245E-3 0.94541496
 9.925516 9.181062E-3 0.9396808
 9.950516 9.157995E-3 0.9441488
 9.975515 9.135044E-3 0.9306789
 10.000515 9.112208E-3 0.9331432
 10.025515 9.089486E-3 0.93146264
 10.050514 9.066877E-3 0.9340062
 10.075514 9.04438E-3 0.9246726
 10.100513 9.021994E-3 0.9291536
 10.149859 8.978131E-3 1.003255
 10.15016 8.977866E-3 0.92545086
 10.175159 8.955808E-3 0.92271685
 10.200159 8.933858E-3 0.898734
 10.225159 8.912016E-3 0.90970796
 10.250158 8.89028E-3 0.91468286
 10.275158 8.86865E-3 0.9036243
 10.300158 8.847125E-3 0.9067743
 10.325157 8.8257035E-3 0.8930776
 10.350157 8.8043864E-3 0.89230954
 10.385055 8.7748E-3 0.8820319
 10.385355 8.774546E-3 0.92830306
 10.410355 8.753475E-3 0.91963756
 10.435354 8.732503E-3 0.91206765
 10.460354 8.711634E-3 0.9030701
 10.485353 8.690864E-3 0.89535725
 10.510353 8.670191E-3 0.8907412
 10.535353 8.649618E-3 0.88192206
 10.560352 8.629141E-3 0.88517594
 10.585352 8.608762E-3 0.8866195
 10.610352 8.588478E-3 0.8695295
 10.635351 8.568291E-3 0.87213945
 10.660351 8.548197E-3 0.8698281
 10.68535 8.528197E-3 0.871821
 10.71035 8.508291E-3 0.8488421
 10.73535 8.488478E-3 0.8537513
 10.760349 8.468756E-3 0.8661534
 10.785349 8.449126E-3 0.84520196
 10.8103485 8.429587E-3 0.83874356
 10.835348 8.410138E-3 0.84073096
 10.860348 8.390779E-3 0.8429573
 10.885347 8.371509E-3 0.83646976
 10.910347 8.352326E-3 0.83282345
 10.935347 8.333231E-3 0.8181352
 10.960346 8.314224E-3 0.8331202
 10.985346 8.295304E-3 0.819218
 11.010345 8.276468E-3 0.8155606
 11.035345 8.257719E-3 0.8232865
 11.060345 8.239053E-3 0.81804794
 11.085344 8.220473E-3 0.81658083
 11.110344 8.201976E-3 0.8133881
 11.135344 8.183562E-3 0.80801743
 11.160343 8.165231E-3 0.8064439
 11.185343 8.146982E-3 0.80396956
 11.210342 8.128813E-3 0.8004403
 11.235342 8.110726E-3 0.7843827
 11.260342 8.092718E-3 0.7998989
 11.285341 8.07479E-3 0.77531313
 11.310341 8.056943E-3 0.7815584
 11.3353404 8.039174E-3 0.7893196
 11.36034 8.021483E-3 0.77731704
 11.38534 8.003869E-3 0.77151483
 11.410339 7.986333E-3 0.7839005
 11.435339 7.968875E-3 0.75618946
 11.460339 7.9514915E-3 0.7607163
 11.485338 7.934184E-3 0.75580745
 11.510338 7.916951E-3 0.7610477
 11.535337 7.899793E-3 0.74230104
 11.560337 7.882709E-3 0.7480447
 11.605131 7.852282E-3 0.7859761
 11.605432 7.85208E-3 0.73154664
 11.630431 7.835202E-3 0.72989916
 11.655431 7.818396E-3 0.72669976
 11.68043 7.8016626E-3 0.71767336
 11.70543 7.785001E-3 0.7237409
 11.73043 7.7684093E-3 0.71718484
 11.755429 7.7518876E-3 0.7193338
 11.780429 7.7354372E-3 0.7260978
 11.8054285 7.7190566E-3 0.7109681
 11.830428 7.7027454E-3 0.72433936
 11.855428 7.6865023E-3 0.71429204
 11.880427 7.670328E-3 0.7167913
 11.905427 7.6542217E-3 0.7281457
 11.930427 7.6381824E-3 0.7140872
 11.955426 7.622211E-3 0.7048019
 11.980426 7.6063056E-3 0.70885825
 12.005425 7.5904652E-3 0.6979791
 12.030425 7.5746923E-3 0.7034547
 12.055425 7.558985E-3 0.69595384
 12.080424 7.543342E-3 0.7011703
 12.105424 7.527764E-3 0.69569844
 12.130424 7.51225E-3 0.7056732
 12.155423 7.4968E-3 0.6931176
 12.180423 7.481413E-3 0.6950789
 12.205422 7.46609E-3 0.6940893
 12.230422 7.4508283E-3 0.69528746
 12.25927 7.4332957E-3 0.7539828
 12.25957 7.433113E-3 0.68978005
 12.28457 7.4179866E-3 0.6922135
 12.309569 7.4029215E-3 0.6765104
 12.334569 7.3879174E-3 0.68531805
 12.359569 7.3729734E-3 0.67800766
 12.384568 7.35809E-3 0.68057763
 12.409568 7.343267E-3 0.6736536
 12.434567 7.3285037E-3 0.6677355
 12.459567 7.3137995E-3 0.6695712
 12.484567 7.2991535E-3 0.66553246
 12.509566 7.284567E-3 0.6746796
 12.534566 7.2700385E-3 0.66726046
 12.559566 7.2555677E-3 0.6568228
 12.584565 7.241154E-3 0.6600678
 12.609565 7.226798E-3 0.6596595
 12.634564 7.212498E-3 0.66708123
 12.659564 7.198255E-3 0.65859955
 12.684564 7.1840686E-3 0.649577
 12.709563 7.1699372E-3 0.6518077
 12.734563 7.1558617E-3 0.6477118
 12.7595624 7.141842E-3 0.6456156
 12.784562 7.127876E-3 0.6436748
 12.809562 7.113965E-3 0.6352975
 12.834561 7.1001085E-3 0.64856344
 12.859561 7.086306E-3 0.6436039
 12.884561 7.0725553E-3 0.63357573
 12.90956 7.0588593E-3 0.6277629
 12.93456 7.0452163E-3 0.62829583
 12.959559 7.031626E-3 0.62979525
 12.984559 7.0180874E-3 0.6255266
 13.009559 7.0046014E-3 0.6240412
 13.034558 6.991167E-3 0.6214558
 13.059558 6.9777844E-3 0.61339825
 13.084558 6.964452E-3 0.6259694
 13.109557 6.9511714E-3 0.60969126
 13.134557 6.9379406E-3 0.6021869
 13.159556 6.92476E-3 0.600728
 13.184556 6.91163E-3 0.6019272
 13.209556 6.89855E-3 0.59586286
 13.234555 6.8855183E-3 0.58953833
 13.259555 6.8725366E-3 0.5922269
 13.2845544 6.8596033E-3 0.5901877
 13.309554 6.846719E-3 0.58503353
 13.334554 6.833883E-3 0.58243674
 13.359553 6.821095E-3 0.5922855
 13.384553 6.8083545E-3 0.5827954
 13.409553 6.795661E-3 0.57049316
 13.434552 6.7830155E-3 0.57173413
 13.459552 6.7704166E-3 0.5662849
 13.484551 6.7578647E-3 0.5642521
 13.509551 6.745359E-3 0.5544225
 13.534551 6.7329E-3 0.5699763
 13.55955 6.7204865E-3 0.5605902
 13.58455 6.708119E-3 0.5571419
 13.6095495 6.6957967E-3 0.5492465
 13.634549 6.6835195E-3 0.55253463
 13.659549 6.6712866E-3 0.5509936
 13.707192 6.6480995E-3 0.51184237
 13.707493 6.6479532E-3 0.5432442
 14.817772 6.14983E-3 0.430239
 15.928051 5.7211504E-3 0.35242217
 17.03833 5.3483396E-3 0.26077535
 18.14861 5.0211432E-3 0.2214367
 19.258888 4.7316732E-3 0.18020174
 20.369167 4.4737607E-3 0.12582684
 21.479446 4.24251E-3 0.10635638
 22.589725 4.033992E-3 0.08352856
 23.700005 3.845011E-3 0.043063424
  
 Total energy radiated out of the nebula [e36 erg/s]: 21.309044
 All SEDs given per unit direction
 To obtain total emission over all directions must multiply by Pi
