This is pdfeTeX, Version 3.141592-1.21a-2.2 (Web2C 7.5.4) (format=latex 2008.5.12)  8 OCT 2009 17:59
entering extended mode
**README.2.02.tex
(./README.2.02.tex
LaTeX2e <2003/12/01>
Babel <v3.8d> and hyphenation patterns for american, french, german, ngerman, b
ahasa, basque, bulgarian, catalan, croatian, czech, danish, dutch, esperanto, e
stonian, finnish, greek, icelandic, irish, italian, latin, magyar, norsk, polis
h, portuges, romanian, russian, serbian, slovak, slovene, spanish, swedish, tur
kish, ukrainian, nohyphenation, loaded.
(/usr/share/texmf/tex/latex/base/article.cls
Document Class: article 2004/02/16 v1.4f Standard LaTeX document class
(/usr/share/texmf/tex/latex/base/size11.clo
File: size11.clo 2004/02/16 v1.4f Standard LaTeX file (size option)
)
\c@part=\count79
\c@section=\count80
\c@subsection=\count81
\c@subsubsection=\count82
\c@paragraph=\count83
\c@subparagraph=\count84
\c@figure=\count85
\c@table=\count86
\abovecaptionskip=\skip41
\belowcaptionskip=\skip42
\bibindent=\dimen102
)
(/usr/share/texmf/tex/latex/graphics/epsfig.sty
Package: epsfig 1999/02/16 v1.7a (e)psfig emulation (SPQR)

(/usr/share/texmf/tex/latex/graphics/graphicx.sty
Package: graphicx 1999/02/16 v1.0f Enhanced LaTeX Graphics (DPC,SPQR)

(/usr/share/texmf/tex/latex/graphics/keyval.sty
Package: keyval 1999/03/16 v1.13 key=value parser (DPC)
\KV@toks@=\toks14
)
(/usr/share/texmf/tex/latex/graphics/graphics.sty
Package: graphics 2001/07/07 v1.0n Standard LaTeX Graphics (DPC,SPQR)

(/usr/share/texmf/tex/latex/graphics/trig.sty
Package: trig 1999/03/16 v1.09 sin cos tan (DPC)
)
(/usr/share/texmf/tex/latex/graphics/graphics.cfg
File: graphics.cfg 2005/02/03 v1.3 graphics configuration of teTeX/TeXLive
)
Package graphics Info: Driver file: dvips.def on input line 80.

(/usr/share/texmf/tex/latex/graphics/dvips.def
File: dvips.def 1999/02/16 v3.0i Driver-dependant file (DPC,SPQR)
))
\Gin@req@height=\dimen103
\Gin@req@width=\dimen104
)
\epsfxsize=\dimen105
\epsfysize=\dimen106
) (./README.2.02.aux)
\openout1 = `README.2.02.aux'.

LaTeX Font Info:    Checking defaults for OML/cmm/m/it on input line 11.
LaTeX Font Info:    ... okay on input line 11.
LaTeX Font Info:    Checking defaults for T1/cmr/m/n on input line 11.
LaTeX Font Info:    ... okay on input line 11.
LaTeX Font Info:    Checking defaults for OT1/cmr/m/n on input line 11.
LaTeX Font Info:    ... okay on input line 11.
LaTeX Font Info:    Checking defaults for OMS/cmsy/m/n on input line 11.
LaTeX Font Info:    ... okay on input line 11.
LaTeX Font Info:    Checking defaults for OMX/cmex/m/n on input line 11.
LaTeX Font Info:    ... okay on input line 11.
LaTeX Font Info:    Checking defaults for U/cmr/m/n on input line 11.
LaTeX Font Info:    ... okay on input line 11.
 [1

]
Underfull \hbox (badness 10000) in paragraph at lines 49--91

 []


Underfull \hbox (badness 10000) in paragraph at lines 49--91

 []


Underfull \hbox (badness 10000) in paragraph at lines 49--91

 []


Underfull \hbox (badness 10000) in paragraph at lines 49--91

 []


Underfull \hbox (badness 10000) in paragraph at lines 49--91

 []


Underfull \hbox (badness 10000) in paragraph at lines 49--91

 []


Underfull \hbox (badness 10000) in paragraph at lines 49--91

 []

[2]
Underfull \hbox (badness 10000) in paragraph at lines 94--96

 []


Underfull \hbox (badness 10000) in paragraph at lines 94--96

 []

LaTeX Font Info:    External font `cmex10' loaded for size
(Font)              <10.95> on input line 97.
LaTeX Font Info:    External font `cmex10' loaded for size
(Font)              <8> on input line 97.
LaTeX Font Info:    External font `cmex10' loaded for size
(Font)              <6> on input line 97.
[3]
Underfull \hbox (badness 10000) in paragraph at lines 134--141

 []


Underfull \hbox (badness 10000) in paragraph at lines 141--145

 []

[4]
Underfull \hbox (badness 10000) in paragraph at lines 146--181

 []


Underfull \hbox (badness 10000) in paragraph at lines 146--181

 []


Underfull \hbox (badness 10000) in paragraph at lines 146--181

 []


Underfull \hbox (badness 10000) in paragraph at lines 146--181

 []


Underfull \hbox (badness 10000) in paragraph at lines 146--181

 []


Underfull \hbox (badness 10000) in paragraph at lines 146--181

 []


Underfull \hbox (badness 10000) in paragraph at lines 182--185

 []


Underfull \hbox (badness 10000) in paragraph at lines 189--194

 []


Underfull \hbox (badness 10000) in paragraph at lines 195--201

 []


Underfull \hbox (badness 10000) in paragraph at lines 195--201

 []

[5]
Underfull \hbox (badness 10000) in paragraph at lines 202--205

 []


Underfull \hbox (badness 10000) in paragraph at lines 202--205

 []


Underfull \hbox (badness 10000) in paragraph at lines 206--213

 []


Underfull \hbox (badness 10000) in paragraph at lines 206--213

 []


Underfull \hbox (badness 10000) in paragraph at lines 214--217

 []


Underfull \hbox (badness 10000) in paragraph at lines 218--236

 []


Underfull \hbox (badness 10000) in paragraph at lines 218--236

 []


Underfull \hbox (badness 10000) in paragraph at lines 218--236

 []

[6]
Underfull \hbox (badness 10000) in paragraph at lines 239--240

 []


Underfull \hbox (badness 10000) in paragraph at lines 241--242

 []


Underfull \hbox (badness 10000) in paragraph at lines 243--258

 []


Underfull \hbox (badness 10000) in paragraph at lines 260--265

 []


Underfull \hbox (badness 10000) in paragraph at lines 266--271

 []


Underfull \hbox (badness 10000) in paragraph at lines 272--286

 []


Underfull \hbox (badness 10000) in paragraph at lines 272--286

 []


Underfull \hbox (badness 10000) in paragraph at lines 287--289

 []


Underfull \hbox (badness 10000) in paragraph at lines 290--292

 []


Underfull \hbox (badness 10000) in paragraph at lines 296--321

 []

[7]
Underfull \hbox (badness 10000) in paragraph at lines 322--346

 []


Underfull \hbox (badness 10000) in paragraph at lines 347--355

 []


Underfull \hbox (badness 10000) in paragraph at lines 356--363

 []

[8]
Underfull \hbox (badness 10000) in paragraph at lines 364--374

 []


Underfull \hbox (badness 10000) in paragraph at lines 376--387

 []

[9]
Underfull \hbox (badness 10000) in paragraph at lines 390--391

 []


Underfull \hbox (badness 10000) in paragraph at lines 392--395

 []


Underfull \hbox (badness 10000) in paragraph at lines 396--409

 []


Underfull \hbox (badness 10000) in paragraph at lines 431--454

 []

[10]
Underfull \hbox (badness 10000) in paragraph at lines 455--467

 []


Underfull \hbox (badness 10000) in paragraph at lines 468--473

 []


Underfull \hbox (badness 10000) in paragraph at lines 474--492

 []


Underfull \hbox (badness 10000) in paragraph at lines 493--504

 []


Underfull \hbox (badness 10000) in paragraph at lines 505--509

 []


Underfull \hbox (badness 10000) in paragraph at lines 510--522

 []

[11]
Underfull \hbox (badness 10000) in paragraph at lines 523--527

 []


Underfull \hbox (badness 10000) in paragraph at lines 529--532

 []


Underfull \hbox (badness 10000) in paragraph at lines 533--537

 []


Underfull \hbox (badness 10000) in paragraph at lines 538--541

 []


Underfull \hbox (badness 10000) in paragraph at lines 542--547

 []


Underfull \hbox (badness 10000) in paragraph at lines 548--556

 []


Underfull \hbox (badness 10000) in paragraph at lines 557--563

 []

[12]
Underfull \hbox (badness 10000) in paragraph at lines 563--567

 []


Underfull \hbox (badness 10000) in paragraph at lines 567--573

 []


Underfull \hbox (badness 10000) in paragraph at lines 574--579

 []


Underfull \hbox (badness 10000) in paragraph at lines 580--586

 []


Underfull \hbox (badness 10000) in paragraph at lines 587--601

 []


Underfull \hbox (badness 10000) in paragraph at lines 602--616

 []

[13]
Underfull \hbox (badness 10000) in paragraph at lines 617--627

 []


Underfull \hbox (badness 10000) in paragraph at lines 628--634

 []


Underfull \hbox (badness 10000) in paragraph at lines 635--636

 []


Underfull \hbox (badness 10000) in paragraph at lines 637--639

 []


Underfull \hbox (badness 10000) in paragraph at lines 640--654

 []


Underfull \hbox (badness 10000) in paragraph at lines 655--673

 []

[14]
Underfull \hbox (badness 10000) in paragraph at lines 674--676

 []


Underfull \hbox (badness 10000) in paragraph at lines 677--679

 []


Underfull \hbox (badness 10000) in paragraph at lines 680--683

 []


Underfull \hbox (badness 10000) in paragraph at lines 684--686

 []


Underfull \hbox (badness 10000) in paragraph at lines 687--689

 []


Underfull \hbox (badness 10000) in paragraph at lines 690--692

 []


Underfull \hbox (badness 10000) in paragraph at lines 693--695

 []


Underfull \hbox (badness 10000) in paragraph at lines 696--698

 []


Underfull \hbox (badness 10000) in paragraph at lines 699--701

 []

[15]
Underfull \hbox (badness 10000) in paragraph at lines 702--707

 []


Underfull \hbox (badness 10000) in paragraph at lines 708--719

 []


Underfull \hbox (badness 10000) in paragraph at lines 720--722

 []


Underfull \hbox (badness 10000) in paragraph at lines 726--728

 []


Underfull \hbox (badness 10000) in paragraph at lines 729--731

 []


Underfull \hbox (badness 10000) in paragraph at lines 732--736

 []

[16]
Underfull \hbox (badness 10000) in paragraph at lines 737--741

 []


Underfull \hbox (badness 10000) in paragraph at lines 742--749

 []


Underfull \hbox (badness 10000) in paragraph at lines 750--757

 []


Underfull \hbox (badness 10000) in paragraph at lines 758--760

 []


Underfull \hbox (badness 10000) in paragraph at lines 762--764

 []


Underfull \hbox (badness 10000) in paragraph at lines 765--767

 []


Underfull \hbox (badness 10000) in paragraph at lines 769--771

 []


Underfull \hbox (badness 10000) in paragraph at lines 772--775

 []

[17]
Underfull \hbox (badness 10000) in paragraph at lines 778--779

 []


Underfull \hbox (badness 10000) in paragraph at lines 780--781

 []


Underfull \hbox (badness 10000) in paragraph at lines 782--791

 []


Underfull \hbox (badness 10000) in paragraph at lines 792--794

 []


Underfull \hbox (badness 10000) in paragraph at lines 826--842

 []

[18]
Underfull \hbox (badness 10000) in paragraph at lines 843--844

 []


Underfull \hbox (badness 10000) in paragraph at lines 845--867

 []


Underfull \hbox (badness 10000) in paragraph at lines 868--869

 []


Underfull \hbox (badness 10000) in paragraph at lines 870--875

 []


Underfull \hbox (badness 10000) in paragraph at lines 879--888

 []


Underfull \hbox (badness 10000) in paragraph at lines 891--905

 []

[19]
Underfull \hbox (badness 10000) in paragraph at lines 908--913

 []


Underfull \hbox (badness 10000) in paragraph at lines 915--921

 []


Underfull \hbox (badness 10000) in paragraph at lines 923--925

 []


Underfull \hbox (badness 10000) in paragraph at lines 927--937

 []


Underfull \hbox (badness 10000) in paragraph at lines 939--944

 []


Underfull \hbox (badness 10000) in paragraph at lines 946--953

 []


Underfull \hbox (badness 10000) in paragraph at lines 956--1007

 []

[20]
Underfull \hbox (badness 10000) in paragraph at lines 1009--1015

 []


Underfull \hbox (badness 10000) in paragraph at lines 1017--1020

 []


Underfull \hbox (badness 10000) in paragraph at lines 1017--1020

 []


Underfull \hbox (badness 10000) in paragraph at lines 1021--1042

 []

[21]
Underfull \hbox (badness 10000) in paragraph at lines 1043--1045

 []

File: bipolar_model_image1.ps Graphic file (type eps)
<bipolar_model_image1.ps>
File: bipolar_model_image2.ps Graphic file (type eps)
 <bipolar_model_image2.ps>
File: bipolar_model_image3.ps Graphic file (type eps)
 <bipolar_model_image3.ps>
Underfull \hbox (badness 10000) in paragraph at lines 1046--1161

 []


Underfull \hbox (badness 10000) in paragraph at lines 1046--1161

 []


Underfull \hbox (badness 10000) in paragraph at lines 1046--1161

 []


Underfull \hbox (badness 10000) in paragraph at lines 1046--1161

 []


Underfull \hbox (badness 10000) in paragraph at lines 1046--1161

 []


Underfull \hbox (badness 10000) in paragraph at lines 1046--1161

 []


Underfull \hbox (badness 10000) in paragraph at lines 1046--1161

 []


Underfull \hbox (badness 10000) in paragraph at lines 1046--1161

 []


Underfull \hbox (badness 10000) in paragraph at lines 1046--1161

 []


Underfull \hbox (badness 10000) in paragraph at lines 1046--1161

 []

[22] [23]
Underfull \hbox (badness 10000) in paragraph at lines 1162--1163

 []


Underfull \hbox (badness 10000) in paragraph at lines 1164--1206

 []


Underfull \hbox (badness 10000) in paragraph at lines 1164--1206

 []


Underfull \hbox (badness 10000) in paragraph at lines 1164--1206

 []

[24]
Underfull \hbox (badness 10000) in paragraph at lines 1207--1214

 []


Underfull \hbox (badness 10000) in paragraph at lines 1215--1226

 []

[25]
Underfull \hbox (badness 10000) in paragraph at lines 1228--1229

 []


Underfull \hbox (badness 10000) in paragraph at lines 1230--1231

 []


Underfull \hbox (badness 10000) in paragraph at lines 1232--1243

 []

[26]
Underfull \hbox (badness 10000) in paragraph at lines 1248--1249

 []


Underfull \hbox (badness 10000) in paragraph at lines 1250--1260

 []


Underfull \hbox (badness 10000) in paragraph at lines 1261--1263

 []


Underfull \hbox (badness 10000) in paragraph at lines 1264--1266

 []

[27] (./README.2.02.aux) ) 
Here is how much of TeX's memory you used:
 578 strings out of 94501
 6823 string characters out of 1176789
 62389 words of memory out of 1000000
 3796 multiletter control sequences out of 10000+50000
 9146 words of font info for 32 fonts, out of 500000 for 2000
 580 hyphenation exceptions out of 1000
 32i,5n,21p,1197b,256s stack positions out of 1500i,500n,5000p,200000b,5000s

Output written on README.2.02.dvi (27 pages, 89520 bytes).
